[ 2024-04-18T00:09:10+08:00 ] 182.47.65.89 /admin/index/doparameter.html
INFO: [ app_init ] --START--
INFO: Run Behavior\BuildLiteBehavior [ RunTime:0.000009s ]
INFO: [ app_init ] --END-- [ RunTime:0.000229s ]
INFO: [ app_begin ] --START--
INFO: Run Behavior\ReadHtmlCacheBehavior [ RunTime:0.000312s ]
INFO: [ app_begin ] --END-- [ RunTime:0.000342s ]
SQL: SHOW COLUMNS FROM `tm_parameter` [ RunTime:0.0005s ]
SQL: UPDATE `tm_parameter` SET `number`='' WHERE ( id=1 ) [ RunTime:0.0002s ]
SQL: UPDATE `tm_parameter` SET `number`='' WHERE ( id=2 ) [ RunTime:0.0001s ]
SQL: UPDATE `tm_parameter` SET `number`='' WHERE ( id=3 ) [ RunTime:0.0001s ]
SQL: UPDATE `tm_parameter` SET `number`='' WHERE ( id=4 ) [ RunTime:0.0002s ]
SQL: UPDATE `tm_parameter` SET `number`='' WHERE ( id=5 ) [ RunTime:0.0001s ]
SQL: UPDATE `tm_parameter` SET `number`='' WHERE ( id=6 ) [ RunTime:0.0001s ]
SQL: UPDATE `tm_parameter` SET `number`='' WHERE ( id=7 ) [ RunTime:0.0001s ]
SQL: UPDATE `tm_parameter` SET `number`='' WHERE ( id=8 ) [ RunTime:0.0002s ]
SQL: UPDATE `tm_parameter` SET `number`='' WHERE ( id=9 ) [ RunTime:0.0002s ]
SQL: UPDATE `tm_parameter` SET `number`='' WHERE ( id=10 ) [ RunTime:0.0001s ]
SQL: UPDATE `tm_parameter` SET `number`='' WHERE ( id=11 ) [ RunTime:0.0001s ]
SQL: UPDATE `tm_parameter` SET `number`='' WHERE ( id=12 ) [ RunTime:0.0001s ]
SQL: UPDATE `tm_parameter` SET `number`='' WHERE ( id=13 ) [ RunTime:0.0001s ]
SQL: UPDATE `tm_parameter` SET `number`='' WHERE ( id=14 ) [ RunTime:0.0001s ]
SQL: UPDATE `tm_parameter` SET `number`='' WHERE ( id=15 ) [ RunTime:0.0001s ]
SQL: UPDATE `tm_parameter` SET `number`='' WHERE ( id=16 ) [ RunTime:0.0001s ]
SQL: UPDATE `tm_parameter` SET `number`='' WHERE ( id=17 ) [ RunTime:0.0001s ]
SQL: UPDATE `tm_parameter` SET `number`='' WHERE ( id=18 ) [ RunTime:0.0001s ]
SQL: UPDATE `tm_parameter` SET `number`='10000' WHERE ( id=19 ) [ RunTime:0.0001s ]
SQL: UPDATE `tm_parameter` SET `number`='5000' WHERE ( id=20 ) [ RunTime:0.0001s ]
SQL: UPDATE `tm_parameter` SET `number`='2000' WHERE ( id=21 ) [ RunTime:0.0001s ]
SQL: UPDATE `tm_parameter` SET `number`='0' WHERE ( id=22 ) [ RunTime:0.0001s ]
SQL: UPDATE `tm_parameter` SET `number`='0.8' WHERE ( id=23 ) [ RunTime:0.0001s ]
SQL: UPDATE `tm_parameter` SET `number`='0.8' WHERE ( id=24 ) [ RunTime:0.0001s ]
SQL: UPDATE `tm_parameter` SET `number`='4000' WHERE ( id=25 ) [ RunTime:0.0001s ]
SQL: SELECT * FROM `tm_parameter` ORDER BY id asc  [ RunTime:0.0002s ]

[ 2024-04-18T16:35:54+08:00 ] 39.71.190.130 /Admin/login/verify
INFO: [ app_init ] --START--
INFO: Run Behavior\BuildLiteBehavior [ RunTime:0.000009s ]
INFO: [ app_init ] --END-- [ RunTime:0.000205s ]
INFO: [ app_begin ] --START--
INFO: Run Behavior\ReadHtmlCacheBehavior [ RunTime:0.000314s ]
INFO: [ app_begin ] --END-- [ RunTime:0.000341s ]
INFO: [ app_end ] --START--
INFO: Run Behavior\ShowPageTraceBehavior [ RunTime:0.000330s ]
INFO: [ app_end ] --END-- [ RunTime:0.000360s ]

[ 2024-04-18T18:04:07+08:00 ] 172.233.76.234 /Admin/login/verify
INFO: [ app_init ] --START--
INFO: Run Behavior\BuildLiteBehavior [ RunTime:0.000012s ]
INFO: [ app_init ] --END-- [ RunTime:0.000232s ]
INFO: [ app_begin ] --START--
INFO: Run Behavior\ReadHtmlCacheBehavior [ RunTime:0.000319s ]
INFO: [ app_begin ] --END-- [ RunTime:0.000349s ]
INFO: [ app_end ] --START--
INFO: Run Behavior\ShowPageTraceBehavior [ RunTime:0.000313s ]
INFO: [ app_end ] --END-- [ RunTime:0.000348s ]

[ 2024-04-18T18:04:40+08:00 ] 172.233.76.234 /Admin/login/verify
INFO: [ app_init ] --START--
INFO: Run Behavior\BuildLiteBehavior [ RunTime:0.000020s ]
INFO: [ app_init ] --END-- [ RunTime:0.000220s ]
INFO: [ app_begin ] --START--
INFO: Run Behavior\ReadHtmlCacheBehavior [ RunTime:0.000294s ]
INFO: [ app_begin ] --END-- [ RunTime:0.000323s ]
INFO: [ app_end ] --START--
INFO: Run Behavior\ShowPageTraceBehavior [ RunTime:0.000326s ]
INFO: [ app_end ] --END-- [ RunTime:0.000362s ]

[ 2024-04-18T18:05:36+08:00 ] 39.71.190.130 /Admin/login/verify
INFO: [ app_init ] --START--
INFO: Run Behavior\BuildLiteBehavior [ RunTime:0.000009s ]
INFO: [ app_init ] --END-- [ RunTime:0.000223s ]
INFO: [ app_begin ] --START--
INFO: Run Behavior\ReadHtmlCacheBehavior [ RunTime:0.000293s ]
INFO: [ app_begin ] --END-- [ RunTime:0.000321s ]
INFO: [ app_end ] --START--
INFO: Run Behavior\ShowPageTraceBehavior [ RunTime:0.000312s ]
INFO: [ app_end ] --END-- [ RunTime:0.000341s ]

[ 2024-04-18T18:05:46+08:00 ] 39.71.190.130 /Admin/login/verify?0.7687922373681129
INFO: [ app_init ] --START--
INFO: Run Behavior\BuildLiteBehavior [ RunTime:0.000010s ]
INFO: [ app_init ] --END-- [ RunTime:0.000220s ]
INFO: [ app_begin ] --START--
INFO: Run Behavior\ReadHtmlCacheBehavior [ RunTime:0.000337s ]
INFO: [ app_begin ] --END-- [ RunTime:0.000375s ]
INFO: [ app_end ] --START--
INFO: Run Behavior\ShowPageTraceBehavior [ RunTime:0.000373s ]
INFO: [ app_end ] --END-- [ RunTime:0.000406s ]

[ 2024-04-18T18:05:47+08:00 ] 172.233.76.234 /admin
INFO: [ app_init ] --START--
INFO: Run Behavior\BuildLiteBehavior [ RunTime:0.000007s ]
INFO: [ app_init ] --END-- [ RunTime:0.000206s ]
INFO: [ app_begin ] --START--
INFO: Run Behavior\ReadHtmlCacheBehavior [ RunTime:0.000299s ]
INFO: [ app_begin ] --END-- [ RunTime:0.000332s ]
NOTIC: [8] Undefined index: adminname /www/wwwroot/che.xuanzeguiyuan.com/App/Common/Controller/AdminController.class.php 第 26 行.

[ 2024-04-18T18:05:49+08:00 ] 39.71.190.130 /Admin/login/dologin
INFO: [ app_init ] --START--
INFO: Run Behavior\BuildLiteBehavior [ RunTime:0.000008s ]
INFO: [ app_init ] --END-- [ RunTime:0.000204s ]
INFO: [ app_begin ] --START--
INFO: Run Behavior\ReadHtmlCacheBehavior [ RunTime:0.000289s ]
INFO: [ app_begin ] --END-- [ RunTime:0.000318s ]
SQL: SHOW COLUMNS FROM `tm_admin` [ RunTime:0.0005s ]
SQL: SELECT * FROM `tm_admin` WHERE ( adminname='admin' ) LIMIT 1   [ RunTime:0.0002s ]
NOTIC: [2] Missing argument 1 for Think\PasswordHash::__construct(), called in /www/wwwroot/che.xuanzeguiyuan.com/App/Admin/Controller/LoginController.class.php on line 202 and defined /www/wwwroot/che.xuanzeguiyuan.com/Tp/Library/Think/PasswordHash.class.php 第 34 行.
NOTIC: [2] Missing argument 2 for Think\PasswordHash::__construct(), called in /www/wwwroot/che.xuanzeguiyuan.com/App/Admin/Controller/LoginController.class.php on line 202 and defined /www/wwwroot/che.xuanzeguiyuan.com/Tp/Library/Think/PasswordHash.class.php 第 34 行.
NOTIC: [8] Undefined variable: iteration_count_log2 /www/wwwroot/che.xuanzeguiyuan.com/Tp/Library/Think/PasswordHash.class.php 第 38 行.
NOTIC: [8] Undefined variable: portable_hashes /www/wwwroot/che.xuanzeguiyuan.com/Tp/Library/Think/PasswordHash.class.php 第 42 行.

[ 2024-04-18T18:05:49+08:00 ] 39.71.190.130 /admin/index/index.html
INFO: [ app_init ] --START--
INFO: Run Behavior\BuildLiteBehavior [ RunTime:0.000012s ]
INFO: [ app_init ] --END-- [ RunTime:0.000222s ]
INFO: [ app_begin ] --START--
INFO: Run Behavior\ReadHtmlCacheBehavior [ RunTime:0.000300s ]
INFO: [ app_begin ] --END-- [ RunTime:0.000326s ]
SQL: SHOW COLUMNS FROM `tm_user` [ RunTime:0.0006s ]
SQL: SELECT count(1) as total FROM `tm_user`  [ RunTime:0.0001s ]
SQL: SELECT count(1) as total FROM `tm_user` WHERE ( status=1 )  [ RunTime:0.0001s ]
SQL: SELECT count(1) as total FROM `tm_user` WHERE ( status=0 )  [ RunTime:0.0001s ]
SQL: SELECT count(1) as total FROM `tm_user` WHERE ( createtime>1713369600 )  [ RunTime:0.0001s ]
SQL: SHOW COLUMNS FROM `tm_income` [ RunTime:0.0004s ]
SQL: SELECT sum(price) as total FROM `tm_income` WHERE ( status=1 and gotegary=2 )  [ RunTime:0.0001s ]
SQL: SHOW COLUMNS FROM `tm_parameter` [ RunTime:0.0003s ]
SQL: SELECT * FROM `tm_parameter` ORDER BY id asc  [ RunTime:0.0001s ]
SQL: SELECT sum(price) as total FROM `tm_income` WHERE ( status=1 and gotegary=1 and createtime>1713369600 )  [ RunTime:0.0001s ]
SQL: SELECT sum(price) as total FROM `tm_income` WHERE ( status=1 and gotegary=4 and createtime>1713369600 )  [ RunTime:0.0001s ]
INFO: [ view_parse ] --START--
INFO: [ template_filter ] --START--
INFO: Run Behavior\ContentReplaceBehavior [ RunTime:0.000054s ]
INFO: [ template_filter ] --END-- [ RunTime:0.000086s ]
INFO: Run Behavior\ParseTemplateBehavior [ RunTime:0.008668s ]
INFO: [ view_parse ] --END-- [ RunTime:0.008697s ]
INFO: [ view_filter ] --START--
INFO: Run Behavior\WriteHtmlCacheBehavior [ RunTime:0.000195s ]
INFO: [ view_filter ] --END-- [ RunTime:0.000215s ]
INFO: [ app_end ] --START--
INFO: Run Behavior\ShowPageTraceBehavior [ RunTime:0.000347s ]
INFO: [ app_end ] --END-- [ RunTime:0.000369s ]

[ 2024-04-18T18:05:51+08:00 ] 172.233.76.234 /Admin/login/verify
INFO: [ app_init ] --START--
INFO: Run Behavior\BuildLiteBehavior [ RunTime:0.000009s ]
INFO: [ app_init ] --END-- [ RunTime:0.000217s ]
INFO: [ app_begin ] --START--
INFO: Run Behavior\ReadHtmlCacheBehavior [ RunTime:0.000315s ]
INFO: [ app_begin ] --END-- [ RunTime:0.000344s ]
INFO: [ app_end ] --START--
INFO: Run Behavior\ShowPageTraceBehavior [ RunTime:0.000361s ]
INFO: [ app_end ] --END-- [ RunTime:0.000397s ]

[ 2024-04-18T18:05:59+08:00 ] 172.233.76.234 /Admin/login/verify?0.6006098658101888
INFO: [ app_init ] --START--
INFO: Run Behavior\BuildLiteBehavior [ RunTime:0.000014s ]
INFO: [ app_init ] --END-- [ RunTime:0.000341s ]
INFO: [ app_begin ] --START--
INFO: Run Behavior\ReadHtmlCacheBehavior [ RunTime:0.000387s ]
INFO: [ app_begin ] --END-- [ RunTime:0.000427s ]
INFO: [ app_end ] --START--
INFO: Run Behavior\ShowPageTraceBehavior [ RunTime:0.000364s ]
INFO: [ app_end ] --END-- [ RunTime:0.000404s ]

[ 2024-04-18T18:06:01+08:00 ] 39.71.190.130 /admin
INFO: [ app_init ] --START--
INFO: Run Behavior\BuildLiteBehavior [ RunTime:0.000009s ]
INFO: [ app_init ] --END-- [ RunTime:0.000236s ]
INFO: [ app_begin ] --START--
INFO: Run Behavior\ReadHtmlCacheBehavior [ RunTime:0.000326s ]
INFO: [ app_begin ] --END-- [ RunTime:0.000356s ]
SQL: SHOW COLUMNS FROM `tm_user` [ RunTime:0.0007s ]
SQL: SELECT count(1) as total FROM `tm_user`  [ RunTime:0.0001s ]
SQL: SELECT count(1) as total FROM `tm_user` WHERE ( status=1 )  [ RunTime:0.0001s ]
SQL: SELECT count(1) as total FROM `tm_user` WHERE ( status=0 )  [ RunTime:0.0001s ]
SQL: SELECT count(1) as total FROM `tm_user` WHERE ( createtime>1713369600 )  [ RunTime:0.0001s ]
SQL: SHOW COLUMNS FROM `tm_income` [ RunTime:0.0004s ]
SQL: SELECT sum(price) as total FROM `tm_income` WHERE ( status=1 and gotegary=2 )  [ RunTime:0.0002s ]
SQL: SHOW COLUMNS FROM `tm_parameter` [ RunTime:0.0004s ]
SQL: SELECT * FROM `tm_parameter` ORDER BY id asc  [ RunTime:0.0002s ]
SQL: SELECT sum(price) as total FROM `tm_income` WHERE ( status=1 and gotegary=1 and createtime>1713369600 )  [ RunTime:0.0002s ]
SQL: SELECT sum(price) as total FROM `tm_income` WHERE ( status=1 and gotegary=4 and createtime>1713369600 )  [ RunTime:0.0002s ]
INFO: [ view_parse ] --START--
INFO: [ template_filter ] --START--
INFO: Run Behavior\ContentReplaceBehavior [ RunTime:0.000047s ]
INFO: [ template_filter ] --END-- [ RunTime:0.000076s ]
INFO: Run Behavior\ParseTemplateBehavior [ RunTime:0.008961s ]
INFO: [ view_parse ] --END-- [ RunTime:0.008991s ]
INFO: [ view_filter ] --START--
INFO: Run Behavior\WriteHtmlCacheBehavior [ RunTime:0.000157s ]
INFO: [ view_filter ] --END-- [ RunTime:0.000174s ]
INFO: [ app_end ] --START--
INFO: Run Behavior\ShowPageTraceBehavior [ RunTime:0.000324s ]
INFO: [ app_end ] --END-- [ RunTime:0.000346s ]

[ 2024-04-18T18:06:03+08:00 ] 39.71.190.130 /admin/index/logout.html
INFO: [ app_init ] --START--
INFO: Run Behavior\BuildLiteBehavior [ RunTime:0.000010s ]
INFO: [ app_init ] --END-- [ RunTime:0.000228s ]
INFO: [ app_begin ] --START--
INFO: Run Behavior\ReadHtmlCacheBehavior [ RunTime:0.000311s ]
INFO: [ app_begin ] --END-- [ RunTime:0.000342s ]

[ 2024-04-18T18:06:04+08:00 ] 39.71.190.130 /Admin/login/verify
INFO: [ app_init ] --START--
INFO: Run Behavior\BuildLiteBehavior [ RunTime:0.000009s ]
INFO: [ app_init ] --END-- [ RunTime:0.000227s ]
INFO: [ app_begin ] --START--
INFO: Run Behavior\ReadHtmlCacheBehavior [ RunTime:0.000339s ]
INFO: [ app_begin ] --END-- [ RunTime:0.000370s ]
INFO: [ app_end ] --START--
INFO: Run Behavior\ShowPageTraceBehavior [ RunTime:0.000360s ]
INFO: [ app_end ] --END-- [ RunTime:0.000394s ]

[ 2024-04-18T18:06:06+08:00 ] 172.233.76.234 /Admin/login/dologin
INFO: [ app_init ] --START--
INFO: Run Behavior\BuildLiteBehavior [ RunTime:0.000009s ]
INFO: [ app_init ] --END-- [ RunTime:0.000204s ]
INFO: [ app_begin ] --START--
INFO: Run Behavior\ReadHtmlCacheBehavior [ RunTime:0.000315s ]
INFO: [ app_begin ] --END-- [ RunTime:0.000346s ]
SQL: SHOW COLUMNS FROM `tm_admin` [ RunTime:0.0005s ]
SQL: SELECT * FROM `tm_admin` WHERE ( adminname='admin' ) LIMIT 1   [ RunTime:0.0002s ]
NOTIC: [2] Missing argument 1 for Think\PasswordHash::__construct(), called in /www/wwwroot/che.xuanzeguiyuan.com/App/Admin/Controller/LoginController.class.php on line 202 and defined /www/wwwroot/che.xuanzeguiyuan.com/Tp/Library/Think/PasswordHash.class.php 第 34 行.
NOTIC: [2] Missing argument 2 for Think\PasswordHash::__construct(), called in /www/wwwroot/che.xuanzeguiyuan.com/App/Admin/Controller/LoginController.class.php on line 202 and defined /www/wwwroot/che.xuanzeguiyuan.com/Tp/Library/Think/PasswordHash.class.php 第 34 行.
NOTIC: [8] Undefined variable: iteration_count_log2 /www/wwwroot/che.xuanzeguiyuan.com/Tp/Library/Think/PasswordHash.class.php 第 38 行.
NOTIC: [8] Undefined variable: portable_hashes /www/wwwroot/che.xuanzeguiyuan.com/Tp/Library/Think/PasswordHash.class.php 第 42 行.

[ 2024-04-18T18:06:14+08:00 ] 172.233.76.234 /Admin/login/dologin
INFO: [ app_init ] --START--
INFO: Run Behavior\BuildLiteBehavior [ RunTime:0.000008s ]
INFO: [ app_init ] --END-- [ RunTime:0.000203s ]
INFO: [ app_begin ] --START--
INFO: Run Behavior\ReadHtmlCacheBehavior [ RunTime:0.000339s ]
INFO: [ app_begin ] --END-- [ RunTime:0.000369s ]

[ 2024-04-18T18:06:18+08:00 ] 172.233.76.234 /admin/login/index?u=admin&v=b5h4
INFO: [ app_init ] --START--
INFO: Run Behavior\BuildLiteBehavior [ RunTime:0.000008s ]
INFO: [ app_init ] --END-- [ RunTime:0.000220s ]
INFO: [ app_begin ] --START--
INFO: Run Behavior\ReadHtmlCacheBehavior [ RunTime:0.000292s ]
INFO: [ app_begin ] --END-- [ RunTime:0.000319s ]
NOTIC: [2] file_get_contents(): php_network_getaddresses: getaddrinfo failed: Name or service not known /www/wwwroot/che.xuanzeguiyuan.com/App/Common/Controller/MimiController.class.php 第 7 行.
NOTIC: [2] file_get_contents(http://sq.masmmm.net/api.php?host=che.xuanzeguiyuan.com): failed to open stream: php_network_getaddresses: getaddrinfo failed: Name or service not known /www/wwwroot/che.xuanzeguiyuan.com/App/Common/Controller/MimiController.class.php 第 7 行.
NOTIC: [8] Trying to get property of non-object /www/wwwroot/che.xuanzeguiyuan.com/App/Common/Controller/MimiController.class.php 第 9 行.
INFO: [ view_parse ] --START--
INFO: [ template_filter ] --START--
INFO: Run Behavior\ContentReplaceBehavior [ RunTime:0.000030s ]
INFO: [ template_filter ] --END-- [ RunTime:0.000055s ]
INFO: Run Behavior\ParseTemplateBehavior [ RunTime:0.003106s ]
INFO: [ view_parse ] --END-- [ RunTime:0.003130s ]
INFO: [ view_filter ] --START--
INFO: Run Behavior\WriteHtmlCacheBehavior [ RunTime:0.000156s ]
INFO: [ view_filter ] --END-- [ RunTime:0.000173s ]
INFO: [ app_end ] --START--
INFO: Run Behavior\ShowPageTraceBehavior [ RunTime:0.000332s ]
INFO: [ app_end ] --END-- [ RunTime:0.000353s ]

[ 2024-04-18T18:06:19+08:00 ] 172.233.76.234 /Admin/login/verify
INFO: [ app_init ] --START--
INFO: Run Behavior\BuildLiteBehavior [ RunTime:0.000008s ]
INFO: [ app_init ] --END-- [ RunTime:0.000219s ]
INFO: [ app_begin ] --START--
INFO: Run Behavior\ReadHtmlCacheBehavior [ RunTime:0.000344s ]
INFO: [ app_begin ] --END-- [ RunTime:0.000405s ]
INFO: [ app_end ] --START--
INFO: Run Behavior\ShowPageTraceBehavior [ RunTime:0.000338s ]
INFO: [ app_end ] --END-- [ RunTime:0.000368s ]

[ 2024-04-18T18:06:35+08:00 ] 172.233.76.234 /Admin/login/verify
INFO: [ app_init ] --START--
INFO: Run Behavior\BuildLiteBehavior [ RunTime:0.000011s ]
INFO: [ app_init ] --END-- [ RunTime:0.000288s ]
INFO: [ app_begin ] --START--
INFO: Run Behavior\ReadHtmlCacheBehavior [ RunTime:0.000302s ]
INFO: [ app_begin ] --END-- [ RunTime:0.000329s ]
INFO: [ app_end ] --START--
INFO: Run Behavior\ShowPageTraceBehavior [ RunTime:0.000376s ]
INFO: [ app_end ] --END-- [ RunTime:0.000412s ]

[ 2024-04-18T18:06:49+08:00 ] 172.233.76.234 /Admin/login/verify?0.8564456338415884
INFO: [ app_init ] --START--
INFO: Run Behavior\BuildLiteBehavior [ RunTime:0.000009s ]
INFO: [ app_init ] --END-- [ RunTime:0.000212s ]
INFO: [ app_begin ] --START--
INFO: Run Behavior\ReadHtmlCacheBehavior [ RunTime:0.000300s ]
INFO: [ app_begin ] --END-- [ RunTime:0.000326s ]
INFO: [ app_end ] --START--
INFO: Run Behavior\ShowPageTraceBehavior [ RunTime:0.000343s ]
INFO: [ app_end ] --END-- [ RunTime:0.000376s ]

[ 2024-04-18T18:06:59+08:00 ] 172.233.76.234 /Admin/login/dologin
INFO: [ app_init ] --START--
INFO: Run Behavior\BuildLiteBehavior [ RunTime:0.000010s ]
INFO: [ app_init ] --END-- [ RunTime:0.000208s ]
INFO: [ app_begin ] --START--
INFO: Run Behavior\ReadHtmlCacheBehavior [ RunTime:0.000298s ]
INFO: [ app_begin ] --END-- [ RunTime:0.000325s ]
SQL: SHOW COLUMNS FROM `tm_admin` [ RunTime:0.0005s ]
SQL: SELECT * FROM `tm_admin` WHERE ( adminname='admin' ) LIMIT 1   [ RunTime:0.0002s ]
NOTIC: [2] Missing argument 1 for Think\PasswordHash::__construct(), called in /www/wwwroot/che.xuanzeguiyuan.com/App/Admin/Controller/LoginController.class.php on line 202 and defined /www/wwwroot/che.xuanzeguiyuan.com/Tp/Library/Think/PasswordHash.class.php 第 34 行.
NOTIC: [2] Missing argument 2 for Think\PasswordHash::__construct(), called in /www/wwwroot/che.xuanzeguiyuan.com/App/Admin/Controller/LoginController.class.php on line 202 and defined /www/wwwroot/che.xuanzeguiyuan.com/Tp/Library/Think/PasswordHash.class.php 第 34 行.
NOTIC: [8] Undefined variable: iteration_count_log2 /www/wwwroot/che.xuanzeguiyuan.com/Tp/Library/Think/PasswordHash.class.php 第 38 行.
NOTIC: [8] Undefined variable: portable_hashes /www/wwwroot/che.xuanzeguiyuan.com/Tp/Library/Think/PasswordHash.class.php 第 42 行.

[ 2024-04-18T18:07:20+08:00 ] 172.233.76.234 /Admin/login/verify
INFO: [ app_init ] --START--
INFO: Run Behavior\BuildLiteBehavior [ RunTime:0.000010s ]
INFO: [ app_init ] --END-- [ RunTime:0.000229s ]
INFO: [ app_begin ] --START--
INFO: Run Behavior\ReadHtmlCacheBehavior [ RunTime:0.000300s ]
INFO: [ app_begin ] --END-- [ RunTime:0.000327s ]
INFO: [ app_end ] --START--
INFO: Run Behavior\ShowPageTraceBehavior [ RunTime:0.000324s ]
INFO: [ app_end ] --END-- [ RunTime:0.000354s ]

[ 2024-04-18T18:07:29+08:00 ] 39.71.190.130 /Admin/login/verify
INFO: [ app_init ] --START--
INFO: Run Behavior\BuildLiteBehavior [ RunTime:0.000011s ]
INFO: [ app_init ] --END-- [ RunTime:0.000253s ]
INFO: [ app_begin ] --START--
INFO: Run Behavior\ReadHtmlCacheBehavior [ RunTime:0.000335s ]
INFO: [ app_begin ] --END-- [ RunTime:0.000370s ]
INFO: [ app_end ] --START--
INFO: Run Behavior\ShowPageTraceBehavior [ RunTime:0.000318s ]
INFO: [ app_end ] --END-- [ RunTime:0.000379s ]

[ 2024-04-18T18:07:38+08:00 ] 172.233.76.234 /Admin/login/verify
INFO: [ app_init ] --START--
INFO: Run Behavior\BuildLiteBehavior [ RunTime:0.000010s ]
INFO: [ app_init ] --END-- [ RunTime:0.000284s ]
INFO: [ app_begin ] --START--
INFO: Run Behavior\ReadHtmlCacheBehavior [ RunTime:0.000304s ]
INFO: [ app_begin ] --END-- [ RunTime:0.000339s ]
INFO: [ app_end ] --START--
INFO: Run Behavior\ShowPageTraceBehavior [ RunTime:0.000323s ]
INFO: [ app_end ] --END-- [ RunTime:0.000355s ]

[ 2024-04-18T18:07:48+08:00 ] 172.233.76.234 /Admin/login/verify?0.5621459998222491
INFO: [ app_init ] --START--
INFO: Run Behavior\BuildLiteBehavior [ RunTime:0.000009s ]
INFO: [ app_init ] --END-- [ RunTime:0.000234s ]
INFO: [ app_begin ] --START--
INFO: Run Behavior\ReadHtmlCacheBehavior [ RunTime:0.000298s ]
INFO: [ app_begin ] --END-- [ RunTime:0.000333s ]
INFO: [ app_end ] --START--
INFO: Run Behavior\ShowPageTraceBehavior [ RunTime:0.000330s ]
INFO: [ app_end ] --END-- [ RunTime:0.000361s ]

[ 2024-04-18T18:07:50+08:00 ] 39.71.190.130 /Admin/login/verify
INFO: [ app_init ] --START--
INFO: Run Behavior\BuildLiteBehavior [ RunTime:0.000009s ]
INFO: [ app_init ] --END-- [ RunTime:0.000219s ]
INFO: [ app_begin ] --START--
INFO: Run Behavior\ReadHtmlCacheBehavior [ RunTime:0.000312s ]
INFO: [ app_begin ] --END-- [ RunTime:0.000340s ]
INFO: [ app_end ] --START--
INFO: Run Behavior\ShowPageTraceBehavior [ RunTime:0.000394s ]
INFO: [ app_end ] --END-- [ RunTime:0.000430s ]

[ 2024-04-18T18:07:51+08:00 ] 172.233.76.234 /Admin/login/verify?0.5139913543849202
INFO: [ app_init ] --START--
INFO: Run Behavior\BuildLiteBehavior [ RunTime:0.000010s ]
INFO: [ app_init ] --END-- [ RunTime:0.000220s ]
INFO: [ app_begin ] --START--
INFO: Run Behavior\ReadHtmlCacheBehavior [ RunTime:0.000332s ]
INFO: [ app_begin ] --END-- [ RunTime:0.000361s ]
INFO: [ app_end ] --START--
INFO: Run Behavior\ShowPageTraceBehavior [ RunTime:0.000347s ]
INFO: [ app_end ] --END-- [ RunTime:0.000390s ]

[ 2024-04-18T18:07:54+08:00 ] 172.233.76.234 /Admin/login/verify?0.40439002773609833
INFO: [ app_init ] --START--
INFO: Run Behavior\BuildLiteBehavior [ RunTime:0.000014s ]
INFO: [ app_init ] --END-- [ RunTime:0.000365s ]
INFO: [ app_begin ] --START--
INFO: Run Behavior\ReadHtmlCacheBehavior [ RunTime:0.000368s ]
INFO: [ app_begin ] --END-- [ RunTime:0.000405s ]
INFO: [ app_end ] --START--
INFO: Run Behavior\ShowPageTraceBehavior [ RunTime:0.000410s ]
INFO: [ app_end ] --END-- [ RunTime:0.000459s ]

[ 2024-04-18T18:09:50+08:00 ] 111.17.69.12 /Admin/login/verify
INFO: [ app_init ] --START--
INFO: Run Behavior\BuildLiteBehavior [ RunTime:0.000013s ]
INFO: [ app_init ] --END-- [ RunTime:0.000311s ]
INFO: [ app_begin ] --START--
INFO: Run Behavior\ReadHtmlCacheBehavior [ RunTime:0.000343s ]
INFO: [ app_begin ] --END-- [ RunTime:0.000373s ]
INFO: [ app_end ] --START--
INFO: Run Behavior\ShowPageTraceBehavior [ RunTime:0.000359s ]
INFO: [ app_end ] --END-- [ RunTime:0.000409s ]

[ 2024-04-18T18:10:26+08:00 ] 111.17.69.12 /Admin/login/verify?0.34237072945585756
INFO: [ app_init ] --START--
INFO: Run Behavior\BuildLiteBehavior [ RunTime:0.000010s ]
INFO: [ app_init ] --END-- [ RunTime:0.000257s ]
INFO: [ app_begin ] --START--
INFO: Run Behavior\ReadHtmlCacheBehavior [ RunTime:0.000308s ]
INFO: [ app_begin ] --END-- [ RunTime:0.000337s ]
INFO: [ app_end ] --START--
INFO: Run Behavior\ShowPageTraceBehavior [ RunTime:0.000329s ]
INFO: [ app_end ] --END-- [ RunTime:0.000367s ]

[ 2024-04-18T18:10:28+08:00 ] 111.17.69.12 /Admin/login/verify?0.3234396628298397
INFO: [ app_init ] --START--
INFO: Run Behavior\BuildLiteBehavior [ RunTime:0.000009s ]
INFO: [ app_init ] --END-- [ RunTime:0.000212s ]
INFO: [ app_begin ] --START--
INFO: Run Behavior\ReadHtmlCacheBehavior [ RunTime:0.000298s ]
INFO: [ app_begin ] --END-- [ RunTime:0.000326s ]
INFO: [ app_end ] --START--
INFO: Run Behavior\ShowPageTraceBehavior [ RunTime:0.000325s ]
INFO: [ app_end ] --END-- [ RunTime:0.000354s ]

[ 2024-04-18T20:00:36+08:00 ] 39.71.190.130 /Admin/login/verify
INFO: [ app_init ] --START--
INFO: Run Behavior\BuildLiteBehavior [ RunTime:0.000009s ]
INFO: [ app_init ] --END-- [ RunTime:0.000203s ]
INFO: [ app_begin ] --START--
INFO: Run Behavior\ReadHtmlCacheBehavior [ RunTime:0.000287s ]
INFO: [ app_begin ] --END-- [ RunTime:0.000312s ]
INFO: [ app_end ] --START--
INFO: Run Behavior\ShowPageTraceBehavior [ RunTime:0.000307s ]
INFO: [ app_end ] --END-- [ RunTime:0.000335s ]

[ 2024-04-18T20:02:11+08:00 ] 39.71.190.130 /Admin/login/verify
INFO: [ app_init ] --START--
INFO: Run Behavior\BuildLiteBehavior [ RunTime:0.000008s ]
INFO: [ app_init ] --END-- [ RunTime:0.000202s ]
INFO: [ app_begin ] --START--
INFO: Run Behavior\ReadHtmlCacheBehavior [ RunTime:0.000305s ]
INFO: [ app_begin ] --END-- [ RunTime:0.000331s ]
INFO: [ app_end ] --START--
INFO: Run Behavior\ShowPageTraceBehavior [ RunTime:0.000324s ]
INFO: [ app_end ] --END-- [ RunTime:0.000354s ]

[ 2024-04-18T20:02:25+08:00 ] 39.71.190.130 /Admin/login/verify?0.903948915199219
INFO: [ app_init ] --START--
INFO: Run Behavior\BuildLiteBehavior [ RunTime:0.000009s ]
INFO: [ app_init ] --END-- [ RunTime:0.000202s ]
INFO: [ app_begin ] --START--
INFO: Run Behavior\ReadHtmlCacheBehavior [ RunTime:0.000290s ]
INFO: [ app_begin ] --END-- [ RunTime:0.000317s ]
INFO: [ app_end ] --START--
INFO: Run Behavior\ShowPageTraceBehavior [ RunTime:0.000307s ]
INFO: [ app_end ] --END-- [ RunTime:0.000336s ]

[ 2024-04-18T20:02:27+08:00 ] 39.71.190.130 /Admin/login/verify?0.38175590763543776
INFO: [ app_init ] --START--
INFO: Run Behavior\BuildLiteBehavior [ RunTime:0.000009s ]
INFO: [ app_init ] --END-- [ RunTime:0.000212s ]
INFO: [ app_begin ] --START--
INFO: Run Behavior\ReadHtmlCacheBehavior [ RunTime:0.000290s ]
INFO: [ app_begin ] --END-- [ RunTime:0.000316s ]
INFO: [ app_end ] --START--
INFO: Run Behavior\ShowPageTraceBehavior [ RunTime:0.000315s ]
INFO: [ app_end ] --END-- [ RunTime:0.000344s ]

[ 2024-04-18T20:02:31+08:00 ] 39.71.190.130 /Admin/login/dologin
INFO: [ app_init ] --START--
INFO: Run Behavior\BuildLiteBehavior [ RunTime:0.000008s ]
INFO: [ app_init ] --END-- [ RunTime:0.000219s ]
INFO: [ app_begin ] --START--
INFO: Run Behavior\ReadHtmlCacheBehavior [ RunTime:0.000288s ]
INFO: [ app_begin ] --END-- [ RunTime:0.000316s ]
SQL: SHOW COLUMNS FROM `tm_admin` [ RunTime:0.0005s ]
SQL: SELECT * FROM `tm_admin` WHERE ( adminname='admin' ) LIMIT 1   [ RunTime:0.0002s ]
NOTIC: [2] Missing argument 1 for Think\PasswordHash::__construct(), called in /www/wwwroot/che.xuanzeguiyuan.com/App/Admin/Controller/LoginController.class.php on line 202 and defined /www/wwwroot/che.xuanzeguiyuan.com/Tp/Library/Think/PasswordHash.class.php 第 34 行.
NOTIC: [2] Missing argument 2 for Think\PasswordHash::__construct(), called in /www/wwwroot/che.xuanzeguiyuan.com/App/Admin/Controller/LoginController.class.php on line 202 and defined /www/wwwroot/che.xuanzeguiyuan.com/Tp/Library/Think/PasswordHash.class.php 第 34 行.
NOTIC: [8] Undefined variable: iteration_count_log2 /www/wwwroot/che.xuanzeguiyuan.com/Tp/Library/Think/PasswordHash.class.php 第 38 行.
NOTIC: [8] Undefined variable: portable_hashes /www/wwwroot/che.xuanzeguiyuan.com/Tp/Library/Think/PasswordHash.class.php 第 42 行.

[ 2024-04-18T20:02:31+08:00 ] 39.71.190.130 /admin/index/index.html
INFO: [ app_init ] --START--
INFO: Run Behavior\BuildLiteBehavior [ RunTime:0.000009s ]
INFO: [ app_init ] --END-- [ RunTime:0.000205s ]
INFO: [ app_begin ] --START--
INFO: Run Behavior\ReadHtmlCacheBehavior [ RunTime:0.000307s ]
INFO: [ app_begin ] --END-- [ RunTime:0.000337s ]
SQL: SHOW COLUMNS FROM `tm_user` [ RunTime:0.0006s ]
SQL: SELECT count(1) as total FROM `tm_user`  [ RunTime:0.0001s ]
SQL: SELECT count(1) as total FROM `tm_user` WHERE ( status=1 )  [ RunTime:0.0001s ]
SQL: SELECT count(1) as total FROM `tm_user` WHERE ( status=0 )  [ RunTime:0.0001s ]
SQL: SELECT count(1) as total FROM `tm_user` WHERE ( createtime>1713369600 )  [ RunTime:0.0001s ]
SQL: SHOW COLUMNS FROM `tm_income` [ RunTime:0.0004s ]
SQL: SELECT sum(price) as total FROM `tm_income` WHERE ( status=1 and gotegary=2 )  [ RunTime:0.0001s ]
SQL: SHOW COLUMNS FROM `tm_parameter` [ RunTime:0.0003s ]
SQL: SELECT * FROM `tm_parameter` ORDER BY id asc  [ RunTime:0.0001s ]
SQL: SELECT sum(price) as total FROM `tm_income` WHERE ( status=1 and gotegary=1 and createtime>1713369600 )  [ RunTime:0.0002s ]
SQL: SELECT sum(price) as total FROM `tm_income` WHERE ( status=1 and gotegary=4 and createtime>1713369600 )  [ RunTime:0.0001s ]
INFO: [ view_parse ] --START--
INFO: [ template_filter ] --START--
INFO: Run Behavior\ContentReplaceBehavior [ RunTime:0.000043s ]
INFO: [ template_filter ] --END-- [ RunTime:0.000068s ]
INFO: Run Behavior\ParseTemplateBehavior [ RunTime:0.008317s ]
INFO: [ view_parse ] --END-- [ RunTime:0.008343s ]
INFO: [ view_filter ] --START--
INFO: Run Behavior\WriteHtmlCacheBehavior [ RunTime:0.000153s ]
INFO: [ view_filter ] --END-- [ RunTime:0.000170s ]
INFO: [ app_end ] --START--
INFO: Run Behavior\ShowPageTraceBehavior [ RunTime:0.000345s ]
INFO: [ app_end ] --END-- [ RunTime:0.000369s ]

[ 2024-04-18T20:57:43+08:00 ] 111.17.69.12 /Admin/login/verify
INFO: [ app_init ] --START--
INFO: Run Behavior\BuildLiteBehavior [ RunTime:0.000008s ]
INFO: [ app_init ] --END-- [ RunTime:0.000254s ]
INFO: [ app_begin ] --START--
INFO: Run Behavior\ReadHtmlCacheBehavior [ RunTime:0.000338s ]
INFO: [ app_begin ] --END-- [ RunTime:0.000372s ]
INFO: [ app_end ] --START--
INFO: Run Behavior\ShowPageTraceBehavior [ RunTime:0.000399s ]
INFO: [ app_end ] --END-- [ RunTime:0.000435s ]

[ 2024-04-18T20:57:50+08:00 ] 111.17.69.12 /Admin/login/verify?0.09302323521768341
INFO: [ app_init ] --START--
INFO: Run Behavior\BuildLiteBehavior [ RunTime:0.000009s ]
INFO: [ app_init ] --END-- [ RunTime:0.000207s ]
INFO: [ app_begin ] --START--
INFO: Run Behavior\ReadHtmlCacheBehavior [ RunTime:0.000316s ]
INFO: [ app_begin ] --END-- [ RunTime:0.000346s ]
INFO: [ app_end ] --START--
INFO: Run Behavior\ShowPageTraceBehavior [ RunTime:0.000319s ]
INFO: [ app_end ] --END-- [ RunTime:0.000349s ]

[ 2024-04-18T21:12:47+08:00 ] 39.71.190.130 /Admin/login/verify
INFO: [ app_init ] --START--
INFO: Run Behavior\BuildLiteBehavior [ RunTime:0.000010s ]
INFO: [ app_init ] --END-- [ RunTime:0.000202s ]
INFO: [ app_begin ] --START--
INFO: Run Behavior\ReadHtmlCacheBehavior [ RunTime:0.000307s ]
INFO: [ app_begin ] --END-- [ RunTime:0.000337s ]
INFO: [ app_end ] --START--
INFO: Run Behavior\ShowPageTraceBehavior [ RunTime:0.000326s ]
INFO: [ app_end ] --END-- [ RunTime:0.000365s ]

[ 2024-04-18T21:12:47+08:00 ] 39.71.190.130 /Admin/login/verify
INFO: [ app_init ] --START--
INFO: Run Behavior\BuildLiteBehavior [ RunTime:0.000008s ]
INFO: [ app_init ] --END-- [ RunTime:0.000227s ]
INFO: [ app_begin ] --START--
INFO: Run Behavior\ReadHtmlCacheBehavior [ RunTime:0.000306s ]
INFO: [ app_begin ] --END-- [ RunTime:0.000332s ]
INFO: [ app_end ] --START--
INFO: Run Behavior\ShowPageTraceBehavior [ RunTime:0.000362s ]
INFO: [ app_end ] --END-- [ RunTime:0.000392s ]

[ 2024-04-18T22:04:44+08:00 ] 182.47.65.89 /Admin/login/verify
INFO: [ app_init ] --START--
INFO: Run Behavior\BuildLiteBehavior [ RunTime:0.000009s ]
INFO: [ app_init ] --END-- [ RunTime:0.000240s ]
INFO: [ app_begin ] --START--
INFO: Run Behavior\ReadHtmlCacheBehavior [ RunTime:0.000290s ]
INFO: [ app_begin ] --END-- [ RunTime:0.000318s ]
INFO: [ app_end ] --START--
INFO: Run Behavior\ShowPageTraceBehavior [ RunTime:0.000315s ]
INFO: [ app_end ] --END-- [ RunTime:0.000344s ]

[ 2024-04-18T22:04:52+08:00 ] 182.47.65.89 /Admin/login/verify
INFO: [ app_init ] --START--
INFO: Run Behavior\BuildLiteBehavior [ RunTime:0.000009s ]
INFO: [ app_init ] --END-- [ RunTime:0.000206s ]
INFO: [ app_begin ] --START--
INFO: Run Behavior\ReadHtmlCacheBehavior [ RunTime:0.000287s ]
INFO: [ app_begin ] --END-- [ RunTime:0.000315s ]
INFO: [ app_end ] --START--
INFO: Run Behavior\ShowPageTraceBehavior [ RunTime:0.000313s ]
INFO: [ app_end ] --END-- [ RunTime:0.000345s ]

[ 2024-04-18T22:05:24+08:00 ] 182.47.65.89 /Admin/login/verify
INFO: [ app_init ] --START--
INFO: Run Behavior\BuildLiteBehavior [ RunTime:0.000009s ]
INFO: [ app_init ] --END-- [ RunTime:0.000237s ]
INFO: [ app_begin ] --START--
INFO: Run Behavior\ReadHtmlCacheBehavior [ RunTime:0.000294s ]
INFO: [ app_begin ] --END-- [ RunTime:0.000323s ]
INFO: [ app_end ] --START--
INFO: Run Behavior\ShowPageTraceBehavior [ RunTime:0.000336s ]
INFO: [ app_end ] --END-- [ RunTime:0.000368s ]

[ 2024-04-18T22:05:34+08:00 ] 182.47.65.89 /Admin/login/verify
INFO: [ app_init ] --START--
INFO: Run Behavior\BuildLiteBehavior [ RunTime:0.000012s ]
INFO: [ app_init ] --END-- [ RunTime:0.000227s ]
INFO: [ app_begin ] --START--
INFO: Run Behavior\ReadHtmlCacheBehavior [ RunTime:0.000320s ]
INFO: [ app_begin ] --END-- [ RunTime:0.000350s ]
INFO: [ app_end ] --START--
INFO: Run Behavior\ShowPageTraceBehavior [ RunTime:0.000329s ]
INFO: [ app_end ] --END-- [ RunTime:0.000361s ]

[ 2024-04-18T22:05:52+08:00 ] 182.47.65.89 /Admin/login/dologin
INFO: [ app_init ] --START--
INFO: Run Behavior\BuildLiteBehavior [ RunTime:0.000015s ]
INFO: [ app_init ] --END-- [ RunTime:0.000229s ]
INFO: [ app_begin ] --START--
INFO: Run Behavior\ReadHtmlCacheBehavior [ RunTime:0.000317s ]
INFO: [ app_begin ] --END-- [ RunTime:0.000348s ]
SQL: SHOW COLUMNS FROM `tm_admin` [ RunTime:0.0005s ]
SQL: SELECT * FROM `tm_admin` WHERE ( adminname='admin' ) LIMIT 1   [ RunTime:0.0002s ]
NOTIC: [2] Missing argument 1 for Think\PasswordHash::__construct(), called in /www/wwwroot/che.xuanzeguiyuan.com/App/Admin/Controller/LoginController.class.php on line 202 and defined /www/wwwroot/che.xuanzeguiyuan.com/Tp/Library/Think/PasswordHash.class.php 第 34 行.
NOTIC: [2] Missing argument 2 for Think\PasswordHash::__construct(), called in /www/wwwroot/che.xuanzeguiyuan.com/App/Admin/Controller/LoginController.class.php on line 202 and defined /www/wwwroot/che.xuanzeguiyuan.com/Tp/Library/Think/PasswordHash.class.php 第 34 行.
NOTIC: [8] Undefined variable: iteration_count_log2 /www/wwwroot/che.xuanzeguiyuan.com/Tp/Library/Think/PasswordHash.class.php 第 38 行.
NOTIC: [8] Undefined variable: portable_hashes /www/wwwroot/che.xuanzeguiyuan.com/Tp/Library/Think/PasswordHash.class.php 第 42 行.

[ 2024-04-18T22:05:52+08:00 ] 182.47.65.89 /admin/index/index.html
INFO: [ app_init ] --START--
INFO: Run Behavior\BuildLiteBehavior [ RunTime:0.000010s ]
INFO: [ app_init ] --END-- [ RunTime:0.000215s ]
INFO: [ app_begin ] --START--
INFO: Run Behavior\ReadHtmlCacheBehavior [ RunTime:0.000360s ]
INFO: [ app_begin ] --END-- [ RunTime:0.000399s ]
SQL: SHOW COLUMNS FROM `tm_user` [ RunTime:0.0007s ]
SQL: SELECT count(1) as total FROM `tm_user`  [ RunTime:0.0001s ]
SQL: SELECT count(1) as total FROM `tm_user` WHERE ( status=1 )  [ RunTime:0.0002s ]
SQL: SELECT count(1) as total FROM `tm_user` WHERE ( status=0 )  [ RunTime:0.0001s ]
SQL: SELECT count(1) as total FROM `tm_user` WHERE ( createtime>1713369600 )  [ RunTime:0.0001s ]
SQL: SHOW COLUMNS FROM `tm_income` [ RunTime:0.0004s ]
SQL: SELECT sum(price) as total FROM `tm_income` WHERE ( status=1 and gotegary=2 )  [ RunTime:0.0002s ]
SQL: SHOW COLUMNS FROM `tm_parameter` [ RunTime:0.0004s ]
SQL: SELECT * FROM `tm_parameter` ORDER BY id asc  [ RunTime:0.0002s ]
SQL: SELECT sum(price) as total FROM `tm_income` WHERE ( status=1 and gotegary=1 and createtime>1713369600 )  [ RunTime:0.0002s ]
SQL: SELECT sum(price) as total FROM `tm_income` WHERE ( status=1 and gotegary=4 and createtime>1713369600 )  [ RunTime:0.0002s ]
INFO: [ view_parse ] --START--
INFO: [ template_filter ] --START--
INFO: Run Behavior\ContentReplaceBehavior [ RunTime:0.000046s ]
INFO: [ template_filter ] --END-- [ RunTime:0.000081s ]
INFO: Run Behavior\ParseTemplateBehavior [ RunTime:0.008592s ]
INFO: [ view_parse ] --END-- [ RunTime:0.008620s ]
INFO: [ view_filter ] --START--
INFO: Run Behavior\WriteHtmlCacheBehavior [ RunTime:0.000205s ]
INFO: [ view_filter ] --END-- [ RunTime:0.000224s ]
INFO: [ app_end ] --START--
INFO: Run Behavior\ShowPageTraceBehavior [ RunTime:0.000324s ]
INFO: [ app_end ] --END-- [ RunTime:0.000347s ]

[ 2024-04-18T22:06:02+08:00 ] 182.47.65.89 /admin/index/index.html
INFO: [ app_init ] --START--
INFO: Run Behavior\BuildLiteBehavior [ RunTime:0.000009s ]
INFO: [ app_init ] --END-- [ RunTime:0.000235s ]
INFO: [ app_begin ] --START--
INFO: Run Behavior\ReadHtmlCacheBehavior [ RunTime:0.000333s ]
INFO: [ app_begin ] --END-- [ RunTime:0.000363s ]
SQL: SHOW COLUMNS FROM `tm_user` [ RunTime:0.0006s ]
SQL: SELECT count(1) as total FROM `tm_user`  [ RunTime:0.0002s ]
SQL: SELECT count(1) as total FROM `tm_user` WHERE ( status=1 )  [ RunTime:0.0002s ]
SQL: SELECT count(1) as total FROM `tm_user` WHERE ( status=0 )  [ RunTime:0.0001s ]
SQL: SELECT count(1) as total FROM `tm_user` WHERE ( createtime>1713369600 )  [ RunTime:0.0001s ]
SQL: SHOW COLUMNS FROM `tm_income` [ RunTime:0.0005s ]
SQL: SELECT sum(price) as total FROM `tm_income` WHERE ( status=1 and gotegary=2 )  [ RunTime:0.0002s ]
SQL: SHOW COLUMNS FROM `tm_parameter` [ RunTime:0.0003s ]
SQL: SELECT * FROM `tm_parameter` ORDER BY id asc  [ RunTime:0.0002s ]
SQL: SELECT sum(price) as total FROM `tm_income` WHERE ( status=1 and gotegary=1 and createtime>1713369600 )  [ RunTime:0.0002s ]
SQL: SELECT sum(price) as total FROM `tm_income` WHERE ( status=1 and gotegary=4 and createtime>1713369600 )  [ RunTime:0.0001s ]
INFO: [ view_parse ] --START--
INFO: [ template_filter ] --START--
INFO: Run Behavior\ContentReplaceBehavior [ RunTime:0.000042s ]
INFO: [ template_filter ] --END-- [ RunTime:0.000076s ]
INFO: Run Behavior\ParseTemplateBehavior [ RunTime:0.009254s ]
INFO: [ view_parse ] --END-- [ RunTime:0.009283s ]
INFO: [ view_filter ] --START--
INFO: Run Behavior\WriteHtmlCacheBehavior [ RunTime:0.000221s ]
INFO: [ view_filter ] --END-- [ RunTime:0.000250s ]
INFO: [ app_end ] --START--
INFO: Run Behavior\ShowPageTraceBehavior [ RunTime:0.000351s ]
INFO: [ app_end ] --END-- [ RunTime:0.000380s ]

[ 2024-04-18T22:06:06+08:00 ] 182.47.65.89 /admin/index/admin.html
INFO: [ app_init ] --START--
INFO: Run Behavior\BuildLiteBehavior [ RunTime:0.000010s ]
INFO: [ app_init ] --END-- [ RunTime:0.000239s ]
INFO: [ app_begin ] --START--
INFO: Run Behavior\ReadHtmlCacheBehavior [ RunTime:0.000312s ]
INFO: [ app_begin ] --END-- [ RunTime:0.000342s ]
SQL: SHOW COLUMNS FROM `tm_admin` [ RunTime:0.0006s ]
SQL: SELECT * FROM `tm_admin` WHERE ( 1=1  and (adminname like "%%" ) ) ORDER BY  id desc LIMIT 0,10   [ RunTime:0.0003s ]
SQL: select count(*) as total from tm_admin where 1=1  and (adminname like "%%" ) [ RunTime:0.0002s ]
INFO: [ view_parse ] --START--
INFO: [ template_filter ] --START--
INFO: Run Behavior\ContentReplaceBehavior [ RunTime:0.000071s ]
INFO: [ template_filter ] --END-- [ RunTime:0.000104s ]
NOTIC: [2] date() expects parameter 2 to be long, string given /www/wwwroot/che.xuanzeguiyuan.com/App/Runtime/Cache/Admin/d66b06ce21e21e48c01b6575df36a2f9.php 第 356 行.
NOTIC: [2] date() expects parameter 2 to be long, string given /www/wwwroot/che.xuanzeguiyuan.com/App/Runtime/Cache/Admin/d66b06ce21e21e48c01b6575df36a2f9.php 第 362 行.
NOTIC: [8] Undefined index: job /www/wwwroot/che.xuanzeguiyuan.com/App/Runtime/Cache/Admin/d66b06ce21e21e48c01b6575df36a2f9.php 第 437 行.
INFO: Run Behavior\ParseTemplateBehavior [ RunTime:0.011561s ]
INFO: [ view_parse ] --END-- [ RunTime:0.011590s ]
INFO: [ view_filter ] --START--
INFO: Run Behavior\WriteHtmlCacheBehavior [ RunTime:0.000163s ]
INFO: [ view_filter ] --END-- [ RunTime:0.000180s ]
INFO: [ app_end ] --START--
INFO: Run Behavior\ShowPageTraceBehavior [ RunTime:0.000326s ]
INFO: [ app_end ] --END-- [ RunTime:0.000353s ]

[ 2024-04-18T22:06:17+08:00 ] 182.47.65.89 /admin/index/member.html?t=2
INFO: [ app_init ] --START--
INFO: Run Behavior\BuildLiteBehavior [ RunTime:0.000010s ]
INFO: [ app_init ] --END-- [ RunTime:0.000267s ]
INFO: [ app_begin ] --START--
INFO: Run Behavior\ReadHtmlCacheBehavior [ RunTime:0.000384s ]
INFO: [ app_begin ] --END-- [ RunTime:0.000418s ]
SQL: SHOW COLUMNS FROM `tm_user` [ RunTime:0.0008s ]
SQL: SELECT * FROM `tm_user` WHERE ( 1=1 and tohelp=1 and status=1 and (number like "%%" or username like "%%" or mobile like "%%" or realname like "%%" ) ) ORDER BY  id desc LIMIT 0,10   [ RunTime:0.0004s ]
SQL: select count(*) as total from tm_user where 1=1 and tohelp=1 and status=1 and (number like "%%" or username like "%%" or mobile like "%%" or realname like "%%" ) [ RunTime:0.0002s ]
SQL: SELECT * FROM `tm_user`  [ RunTime:0.0002s ]
INFO: [ view_parse ] --START--
INFO: [ template_filter ] --START--
INFO: Run Behavior\ContentReplaceBehavior [ RunTime:0.000065s ]
INFO: [ template_filter ] --END-- [ RunTime:0.000094s ]
NOTIC: [2] date() expects parameter 2 to be long, string given /www/wwwroot/che.xuanzeguiyuan.com/App/Runtime/Cache/Admin/3db4199aa2d7dfb9022e93b26d4fe403.php 第 357 行.
NOTIC: [2] date() expects parameter 2 to be long, string given /www/wwwroot/che.xuanzeguiyuan.com/App/Runtime/Cache/Admin/3db4199aa2d7dfb9022e93b26d4fe403.php 第 363 行.
NOTIC: [8] Undefined index: tohelp /www/wwwroot/che.xuanzeguiyuan.com/App/Runtime/Cache/Admin/3db4199aa2d7dfb9022e93b26d4fe403.php 第 434 行.
INFO: Run Behavior\ParseTemplateBehavior [ RunTime:0.013162s ]
INFO: [ view_parse ] --END-- [ RunTime:0.013199s ]
INFO: [ view_filter ] --START--
INFO: Run Behavior\WriteHtmlCacheBehavior [ RunTime:0.000183s ]
INFO: [ view_filter ] --END-- [ RunTime:0.000201s ]
INFO: [ app_end ] --START--
INFO: Run Behavior\ShowPageTraceBehavior [ RunTime:0.000339s ]
INFO: [ app_end ] --END-- [ RunTime:0.000361s ]

[ 2024-04-18T22:06:24+08:00 ] 182.47.65.89 /admin/index/login?id=249
INFO: [ app_init ] --START--
INFO: Run Behavior\BuildLiteBehavior [ RunTime:0.000008s ]
INFO: [ app_init ] --END-- [ RunTime:0.000229s ]
INFO: [ app_begin ] --START--
INFO: Run Behavior\ReadHtmlCacheBehavior [ RunTime:0.000293s ]
INFO: [ app_begin ] --END-- [ RunTime:0.000321s ]
SQL: SHOW COLUMNS FROM `tm_user` [ RunTime:0.0007s ]
SQL: SELECT * FROM `tm_user` WHERE ( id=249 ) LIMIT 1   [ RunTime:0.0002s ]
INFO: [ app_end ] --START--
INFO: Run Behavior\ShowPageTraceBehavior [ RunTime:0.000361s ]
INFO: [ app_end ] --END-- [ RunTime:0.000387s ]

[ 2024-04-18T22:06:33+08:00 ] 182.47.65.89 /admin/index/profile.html?id=249
INFO: [ app_init ] --START--
INFO: Run Behavior\BuildLiteBehavior [ RunTime:0.000009s ]
INFO: [ app_init ] --END-- [ RunTime:0.000228s ]
INFO: [ app_begin ] --START--
INFO: Run Behavior\ReadHtmlCacheBehavior [ RunTime:0.000309s ]
INFO: [ app_begin ] --END-- [ RunTime:0.000338s ]
SQL: SHOW COLUMNS FROM `tm_user` [ RunTime:0.0006s ]
SQL: SELECT * FROM `tm_user` WHERE ( id=249 ) LIMIT 1   [ RunTime:0.0003s ]
SQL: SELECT count(1) as total FROM `tm_user` WHERE ( locate(",249,",path)>0 and id!=249 )  [ RunTime:0.0002s ]
INFO: [ view_parse ] --START--
NOTIC: [2] file_get_contents(./Tm/Dt/Foot.html): failed to open stream: No such file or directory /www/wwwroot/che.xuanzeguiyuan.com/Tp/Library/Think/Template.class.php 第 696 行.
INFO: [ template_filter ] --START--
INFO: Run Behavior\ContentReplaceBehavior [ RunTime:0.000050s ]
INFO: [ template_filter ] --END-- [ RunTime:0.000075s ]
INFO: Run Behavior\ParseTemplateBehavior [ RunTime:0.009514s ]
INFO: [ view_parse ] --END-- [ RunTime:0.009540s ]
INFO: [ view_filter ] --START--
INFO: Run Behavior\WriteHtmlCacheBehavior [ RunTime:0.000151s ]
INFO: [ view_filter ] --END-- [ RunTime:0.000168s ]
INFO: [ app_end ] --START--
INFO: Run Behavior\ShowPageTraceBehavior [ RunTime:0.000339s ]
INFO: [ app_end ] --END-- [ RunTime:0.000362s ]

[ 2024-04-18T22:06:46+08:00 ] 182.47.65.89 /admin/index/gcsq.html
INFO: [ app_init ] --START--
INFO: Run Behavior\BuildLiteBehavior [ RunTime:0.000010s ]
INFO: [ app_init ] --END-- [ RunTime:0.000217s ]
INFO: [ app_begin ] --START--
INFO: Run Behavior\ReadHtmlCacheBehavior [ RunTime:0.000295s ]
INFO: [ app_begin ] --END-- [ RunTime:0.000321s ]
SQL: SHOW COLUMNS FROM `tm_bycar` [ RunTime:0.0005s ]
SQL: SELECT * FROM `tm_bycar`  [ RunTime:0.0001s ]
INFO: [ view_parse ] --START--
INFO: [ template_filter ] --START--
INFO: Run Behavior\ContentReplaceBehavior [ RunTime:0.000064s ]
INFO: [ template_filter ] --END-- [ RunTime:0.000094s ]
NOTIC: [8] Undefined variable: keyword /www/wwwroot/che.xuanzeguiyuan.com/App/Runtime/Cache/Admin/b9d034e9d949c46d896d27a6debbc177.php 第 351 行.
NOTIC: [8] Undefined variable: begintime /www/wwwroot/che.xuanzeguiyuan.com/App/Runtime/Cache/Admin/b9d034e9d949c46d896d27a6debbc177.php 第 357 行.
NOTIC: [8] Undefined variable: endtime /www/wwwroot/che.xuanzeguiyuan.com/App/Runtime/Cache/Admin/b9d034e9d949c46d896d27a6debbc177.php 第 363 行.
NOTIC: [8] Undefined variable: total /www/wwwroot/che.xuanzeguiyuan.com/App/Runtime/Cache/Admin/b9d034e9d949c46d896d27a6debbc177.php 第 425 行.
NOTIC: [8] Undefined variable: pagesize /www/wwwroot/che.xuanzeguiyuan.com/App/Runtime/Cache/Admin/b9d034e9d949c46d896d27a6debbc177.php 第 425 行.
INFO: Run Behavior\ParseTemplateBehavior [ RunTime:0.011401s ]
INFO: [ view_parse ] --END-- [ RunTime:0.011443s ]
INFO: [ view_filter ] --START--
INFO: Run Behavior\WriteHtmlCacheBehavior [ RunTime:0.000176s ]
INFO: [ view_filter ] --END-- [ RunTime:0.000193s ]
INFO: [ app_end ] --START--
INFO: Run Behavior\ShowPageTraceBehavior [ RunTime:0.000318s ]
INFO: [ app_end ] --END-- [ RunTime:0.000340s ]

[ 2024-04-18T22:06:48+08:00 ] 182.47.65.89 /admin/index/sqbd.html
INFO: [ app_init ] --START--
INFO: Run Behavior\BuildLiteBehavior [ RunTime:0.000007s ]
INFO: [ app_init ] --END-- [ RunTime:0.000206s ]
INFO: [ app_begin ] --START--
INFO: Run Behavior\ReadHtmlCacheBehavior [ RunTime:0.000294s ]
INFO: [ app_begin ] --END-- [ RunTime:0.000320s ]
SQL: SHOW COLUMNS FROM `tm_bd` [ RunTime:0.0005s ]
SQL: SELECT * FROM `tm_bd` WHERE ( tohelp=0 ) ORDER BY createtime desc  [ RunTime:0.0002s ]
INFO: [ view_parse ] --START--
INFO: [ template_filter ] --START--
INFO: Run Behavior\ContentReplaceBehavior [ RunTime:0.000063s ]
INFO: [ template_filter ] --END-- [ RunTime:0.000092s ]
NOTIC: [8] Undefined variable: total /www/wwwroot/che.xuanzeguiyuan.com/App/Runtime/Cache/Admin/b28bfae7687fa951ac3d44332bd7cf9b.php 第 373 行.
NOTIC: [8] Undefined variable: pagesize /www/wwwroot/che.xuanzeguiyuan.com/App/Runtime/Cache/Admin/b28bfae7687fa951ac3d44332bd7cf9b.php 第 373 行.
INFO: Run Behavior\ParseTemplateBehavior [ RunTime:0.010844s ]
INFO: [ view_parse ] --END-- [ RunTime:0.010869s ]
INFO: [ view_filter ] --START--
INFO: Run Behavior\WriteHtmlCacheBehavior [ RunTime:0.000151s ]
INFO: [ view_filter ] --END-- [ RunTime:0.000167s ]
INFO: [ app_end ] --START--
INFO: Run Behavior\ShowPageTraceBehavior [ RunTime:0.000331s ]
INFO: [ app_end ] --END-- [ RunTime:0.000353s ]

[ 2024-04-18T22:06:50+08:00 ] 182.47.65.89 /admin/index/member.html?t=2
INFO: [ app_init ] --START--
INFO: Run Behavior\BuildLiteBehavior [ RunTime:0.000009s ]
INFO: [ app_init ] --END-- [ RunTime:0.000202s ]
INFO: [ app_begin ] --START--
INFO: Run Behavior\ReadHtmlCacheBehavior [ RunTime:0.000309s ]
INFO: [ app_begin ] --END-- [ RunTime:0.000335s ]
SQL: SHOW COLUMNS FROM `tm_user` [ RunTime:0.0006s ]
SQL: SELECT * FROM `tm_user` WHERE ( 1=1 and tohelp=1 and status=1 and (number like "%%" or username like "%%" or mobile like "%%" or realname like "%%" ) ) ORDER BY  id desc LIMIT 0,10   [ RunTime:0.0003s ]
SQL: select count(*) as total from tm_user where 1=1 and tohelp=1 and status=1 and (number like "%%" or username like "%%" or mobile like "%%" or realname like "%%" ) [ RunTime:0.0002s ]
SQL: SELECT * FROM `tm_user`  [ RunTime:0.0002s ]
INFO: [ view_parse ] --START--
INFO: [ template_filter ] --START--
INFO: Run Behavior\ContentReplaceBehavior [ RunTime:0.000074s ]
INFO: [ template_filter ] --END-- [ RunTime:0.000107s ]
NOTIC: [2] date() expects parameter 2 to be long, string given /www/wwwroot/che.xuanzeguiyuan.com/App/Runtime/Cache/Admin/3db4199aa2d7dfb9022e93b26d4fe403.php 第 357 行.
NOTIC: [2] date() expects parameter 2 to be long, string given /www/wwwroot/che.xuanzeguiyuan.com/App/Runtime/Cache/Admin/3db4199aa2d7dfb9022e93b26d4fe403.php 第 363 行.
NOTIC: [8] Undefined index: tohelp /www/wwwroot/che.xuanzeguiyuan.com/App/Runtime/Cache/Admin/3db4199aa2d7dfb9022e93b26d4fe403.php 第 434 行.
INFO: Run Behavior\ParseTemplateBehavior [ RunTime:0.012784s ]
INFO: [ view_parse ] --END-- [ RunTime:0.012808s ]
INFO: [ view_filter ] --START--
INFO: Run Behavior\WriteHtmlCacheBehavior [ RunTime:0.000164s ]
INFO: [ view_filter ] --END-- [ RunTime:0.000180s ]
INFO: [ app_end ] --START--
INFO: Run Behavior\ShowPageTraceBehavior [ RunTime:0.000327s ]
INFO: [ app_end ] --END-- [ RunTime:0.000348s ]

[ 2024-04-18T22:06:53+08:00 ] 182.47.65.89 /admin/index/login?id=249
INFO: [ app_init ] --START--
INFO: Run Behavior\BuildLiteBehavior [ RunTime:0.000009s ]
INFO: [ app_init ] --END-- [ RunTime:0.000212s ]
INFO: [ app_begin ] --START--
INFO: Run Behavior\ReadHtmlCacheBehavior [ RunTime:0.000346s ]
INFO: [ app_begin ] --END-- [ RunTime:0.000377s ]
SQL: SHOW COLUMNS FROM `tm_user` [ RunTime:0.0007s ]
SQL: SELECT * FROM `tm_user` WHERE ( id=249 ) LIMIT 1   [ RunTime:0.0003s ]
INFO: [ app_end ] --START--
INFO: Run Behavior\ShowPageTraceBehavior [ RunTime:0.000422s ]
INFO: [ app_end ] --END-- [ RunTime:0.000451s ]

[ 2024-04-18T22:12:24+08:00 ] 182.47.65.89 /admin/index/member.html?t=1
INFO: [ app_init ] --START--
INFO: Run Behavior\BuildLiteBehavior [ RunTime:0.000013s ]
INFO: [ app_init ] --END-- [ RunTime:0.000278s ]
INFO: [ app_begin ] --START--
INFO: Run Behavior\ReadHtmlCacheBehavior [ RunTime:0.000322s ]
INFO: [ app_begin ] --END-- [ RunTime:0.000360s ]
SQL: SHOW COLUMNS FROM `tm_user` [ RunTime:0.0008s ]
SQL: SELECT * FROM `tm_user` WHERE ( 1=1 and tohelp=0 and status=1 and (number like "%%" or username like "%%" or mobile like "%%" or realname like "%%" ) ) ORDER BY  id desc LIMIT 0,10   [ RunTime:0.0004s ]
SQL: select count(*) as total from tm_user where 1=1 and tohelp=0 and status=1 and (number like "%%" or username like "%%" or mobile like "%%" or realname like "%%" ) [ RunTime:0.0002s ]
SQL: SELECT * FROM `tm_user`  [ RunTime:0.0002s ]
INFO: [ view_parse ] --START--
INFO: [ template_filter ] --START--
INFO: Run Behavior\ContentReplaceBehavior [ RunTime:0.000075s ]
INFO: [ template_filter ] --END-- [ RunTime:0.000107s ]
NOTIC: [2] date() expects parameter 2 to be long, string given /www/wwwroot/che.xuanzeguiyuan.com/App/Runtime/Cache/Admin/3db4199aa2d7dfb9022e93b26d4fe403.php 第 357 行.
NOTIC: [2] date() expects parameter 2 to be long, string given /www/wwwroot/che.xuanzeguiyuan.com/App/Runtime/Cache/Admin/3db4199aa2d7dfb9022e93b26d4fe403.php 第 363 行.
NOTIC: [8] Undefined index: tohelp /www/wwwroot/che.xuanzeguiyuan.com/App/Runtime/Cache/Admin/3db4199aa2d7dfb9022e93b26d4fe403.php 第 434 行.
INFO: Run Behavior\ParseTemplateBehavior [ RunTime:0.013886s ]
INFO: [ view_parse ] --END-- [ RunTime:0.013914s ]
INFO: [ view_filter ] --START--
INFO: Run Behavior\WriteHtmlCacheBehavior [ RunTime:0.000181s ]
INFO: [ view_filter ] --END-- [ RunTime:0.000199s ]
INFO: [ app_end ] --START--
INFO: Run Behavior\ShowPageTraceBehavior [ RunTime:0.000361s ]
INFO: [ app_end ] --END-- [ RunTime:0.000389s ]

[ 2024-04-18T22:26:47+08:00 ] 182.47.65.89 /admin/index/member.html?t=1
INFO: [ app_init ] --START--
INFO: Run Behavior\BuildLiteBehavior [ RunTime:0.000010s ]
INFO: [ app_init ] --END-- [ RunTime:0.000260s ]
INFO: [ app_begin ] --START--
INFO: Run Behavior\ReadHtmlCacheBehavior [ RunTime:0.000310s ]
INFO: [ app_begin ] --END-- [ RunTime:0.000338s ]
SQL: SHOW COLUMNS FROM `tm_user` [ RunTime:0.0007s ]
SQL: SELECT * FROM `tm_user` WHERE ( 1=1 and tohelp=0 and status=1 and (number like "%%" or username like "%%" or mobile like "%%" or realname like "%%" ) ) ORDER BY  id desc LIMIT 0,10   [ RunTime:0.0004s ]
SQL: select count(*) as total from tm_user where 1=1 and tohelp=0 and status=1 and (number like "%%" or username like "%%" or mobile like "%%" or realname like "%%" ) [ RunTime:0.0002s ]
SQL: SELECT * FROM `tm_user`  [ RunTime:0.0002s ]
INFO: [ view_parse ] --START--
INFO: [ template_filter ] --START--
INFO: Run Behavior\ContentReplaceBehavior [ RunTime:0.000068s ]
INFO: [ template_filter ] --END-- [ RunTime:0.000095s ]
NOTIC: [2] date() expects parameter 2 to be long, string given /www/wwwroot/che.xuanzeguiyuan.com/App/Runtime/Cache/Admin/3db4199aa2d7dfb9022e93b26d4fe403.php 第 357 行.
NOTIC: [2] date() expects parameter 2 to be long, string given /www/wwwroot/che.xuanzeguiyuan.com/App/Runtime/Cache/Admin/3db4199aa2d7dfb9022e93b26d4fe403.php 第 363 行.
NOTIC: [8] Undefined index: tohelp /www/wwwroot/che.xuanzeguiyuan.com/App/Runtime/Cache/Admin/3db4199aa2d7dfb9022e93b26d4fe403.php 第 434 行.
INFO: Run Behavior\ParseTemplateBehavior [ RunTime:0.012871s ]
INFO: [ view_parse ] --END-- [ RunTime:0.012904s ]
INFO: [ view_filter ] --START--
INFO: Run Behavior\WriteHtmlCacheBehavior [ RunTime:0.000213s ]
INFO: [ view_filter ] --END-- [ RunTime:0.000241s ]
INFO: [ app_end ] --START--
INFO: Run Behavior\ShowPageTraceBehavior [ RunTime:0.000420s ]
INFO: [ app_end ] --END-- [ RunTime:0.000447s ]

[ 2024-04-18T22:26:56+08:00 ] 182.47.65.89 /admin/index/member.html?t=1
INFO: [ app_init ] --START--
INFO: Run Behavior\BuildLiteBehavior [ RunTime:0.000009s ]
INFO: [ app_init ] --END-- [ RunTime:0.000209s ]
INFO: [ app_begin ] --START--
INFO: Run Behavior\ReadHtmlCacheBehavior [ RunTime:0.000343s ]
INFO: [ app_begin ] --END-- [ RunTime:0.000373s ]
SQL: SHOW COLUMNS FROM `tm_user` [ RunTime:0.0006s ]
SQL: SELECT * FROM `tm_user` WHERE ( 1=1 and tohelp=0 and status=1 and (number like "%%" or username like "%%" or mobile like "%%" or realname like "%%" ) ) ORDER BY  id desc LIMIT 0,10   [ RunTime:0.0004s ]
SQL: select count(*) as total from tm_user where 1=1 and tohelp=0 and status=1 and (number like "%%" or username like "%%" or mobile like "%%" or realname like "%%" ) [ RunTime:0.0002s ]
SQL: SELECT * FROM `tm_user`  [ RunTime:0.0002s ]
INFO: [ view_parse ] --START--
INFO: [ template_filter ] --START--
INFO: Run Behavior\ContentReplaceBehavior [ RunTime:0.000079s ]
INFO: [ template_filter ] --END-- [ RunTime:0.000113s ]
NOTIC: [2] date() expects parameter 2 to be long, string given /www/wwwroot/che.xuanzeguiyuan.com/App/Runtime/Cache/Admin/3db4199aa2d7dfb9022e93b26d4fe403.php 第 357 行.
NOTIC: [2] date() expects parameter 2 to be long, string given /www/wwwroot/che.xuanzeguiyuan.com/App/Runtime/Cache/Admin/3db4199aa2d7dfb9022e93b26d4fe403.php 第 363 行.
NOTIC: [8] Undefined index: tohelp /www/wwwroot/che.xuanzeguiyuan.com/App/Runtime/Cache/Admin/3db4199aa2d7dfb9022e93b26d4fe403.php 第 434 行.
INFO: Run Behavior\ParseTemplateBehavior [ RunTime:0.013899s ]
INFO: [ view_parse ] --END-- [ RunTime:0.013926s ]
INFO: [ view_filter ] --START--
INFO: Run Behavior\WriteHtmlCacheBehavior [ RunTime:0.000176s ]
INFO: [ view_filter ] --END-- [ RunTime:0.000200s ]
INFO: [ app_end ] --START--
INFO: Run Behavior\ShowPageTraceBehavior [ RunTime:0.000357s ]
INFO: [ app_end ] --END-- [ RunTime:0.000386s ]

[ 2024-04-18T22:51:57+08:00 ] 182.47.65.89 /admin/index/member.html?t=1
INFO: [ app_init ] --START--
INFO: Run Behavior\BuildLiteBehavior [ RunTime:0.000008s ]
INFO: [ app_init ] --END-- [ RunTime:0.000205s ]
INFO: [ app_begin ] --START--
INFO: Run Behavior\ReadHtmlCacheBehavior [ RunTime:0.000308s ]
INFO: [ app_begin ] --END-- [ RunTime:0.000335s ]
SQL: SHOW COLUMNS FROM `tm_user` [ RunTime:0.0006s ]
SQL: SELECT * FROM `tm_user` WHERE ( 1=1 and tohelp=0 and status=1 and (number like "%%" or username like "%%" or mobile like "%%" or realname like "%%" ) ) ORDER BY  id desc LIMIT 0,10   [ RunTime:0.0004s ]
SQL: select count(*) as total from tm_user where 1=1 and tohelp=0 and status=1 and (number like "%%" or username like "%%" or mobile like "%%" or realname like "%%" ) [ RunTime:0.0002s ]
SQL: SELECT * FROM `tm_user`  [ RunTime:0.0002s ]
INFO: [ view_parse ] --START--
INFO: [ template_filter ] --START--
INFO: Run Behavior\ContentReplaceBehavior [ RunTime:0.000067s ]
INFO: [ template_filter ] --END-- [ RunTime:0.000098s ]
NOTIC: [2] date() expects parameter 2 to be long, string given /www/wwwroot/che.xuanzeguiyuan.com/App/Runtime/Cache/Admin/3db4199aa2d7dfb9022e93b26d4fe403.php 第 357 行.
NOTIC: [2] date() expects parameter 2 to be long, string given /www/wwwroot/che.xuanzeguiyuan.com/App/Runtime/Cache/Admin/3db4199aa2d7dfb9022e93b26d4fe403.php 第 363 行.
NOTIC: [8] Undefined index: tohelp /www/wwwroot/che.xuanzeguiyuan.com/App/Runtime/Cache/Admin/3db4199aa2d7dfb9022e93b26d4fe403.php 第 434 行.
INFO: Run Behavior\ParseTemplateBehavior [ RunTime:0.013088s ]
INFO: [ view_parse ] --END-- [ RunTime:0.013115s ]
INFO: [ view_filter ] --START--
INFO: Run Behavior\WriteHtmlCacheBehavior [ RunTime:0.000175s ]
INFO: [ view_filter ] --END-- [ RunTime:0.000195s ]
INFO: [ app_end ] --START--
INFO: Run Behavior\ShowPageTraceBehavior [ RunTime:0.000337s ]
INFO: [ app_end ] --END-- [ RunTime:0.000359s ]

[ 2024-04-18T22:52:16+08:00 ] 182.47.65.89 /admin/index/member.html?page=2&t=1
INFO: [ app_init ] --START--
INFO: Run Behavior\BuildLiteBehavior [ RunTime:0.000009s ]
INFO: [ app_init ] --END-- [ RunTime:0.000256s ]
INFO: [ app_begin ] --START--
INFO: Run Behavior\ReadHtmlCacheBehavior [ RunTime:0.000294s ]
INFO: [ app_begin ] --END-- [ RunTime:0.000322s ]
SQL: SHOW COLUMNS FROM `tm_user` [ RunTime:0.0006s ]
SQL: SELECT * FROM `tm_user` WHERE ( 1=1 and tohelp=0 and status=1 and (number like "%%" or username like "%%" or mobile like "%%" or realname like "%%" ) ) ORDER BY  id desc LIMIT 10,10   [ RunTime:0.0004s ]
SQL: select count(*) as total from tm_user where 1=1 and tohelp=0 and status=1 and (number like "%%" or username like "%%" or mobile like "%%" or realname like "%%" ) [ RunTime:0.0002s ]
SQL: SELECT * FROM `tm_user`  [ RunTime:0.0002s ]
INFO: [ view_parse ] --START--
INFO: [ template_filter ] --START--
INFO: Run Behavior\ContentReplaceBehavior [ RunTime:0.000064s ]
INFO: [ template_filter ] --END-- [ RunTime:0.000097s ]
NOTIC: [2] date() expects parameter 2 to be long, string given /www/wwwroot/che.xuanzeguiyuan.com/App/Runtime/Cache/Admin/3db4199aa2d7dfb9022e93b26d4fe403.php 第 357 行.
NOTIC: [2] date() expects parameter 2 to be long, string given /www/wwwroot/che.xuanzeguiyuan.com/App/Runtime/Cache/Admin/3db4199aa2d7dfb9022e93b26d4fe403.php 第 363 行.
NOTIC: [8] Undefined index: tohelp /www/wwwroot/che.xuanzeguiyuan.com/App/Runtime/Cache/Admin/3db4199aa2d7dfb9022e93b26d4fe403.php 第 434 行.
INFO: Run Behavior\ParseTemplateBehavior [ RunTime:0.012661s ]
INFO: [ view_parse ] --END-- [ RunTime:0.012688s ]
INFO: [ view_filter ] --START--
INFO: Run Behavior\WriteHtmlCacheBehavior [ RunTime:0.000169s ]
INFO: [ view_filter ] --END-- [ RunTime:0.000185s ]
INFO: [ app_end ] --START--
INFO: Run Behavior\ShowPageTraceBehavior [ RunTime:0.000328s ]
INFO: [ app_end ] --END-- [ RunTime:0.000348s ]

[ 2024-04-18T22:52:41+08:00 ] 182.47.65.89 /admin/index/member.html?page=1&t=1
INFO: [ app_init ] --START--
INFO: Run Behavior\BuildLiteBehavior [ RunTime:0.000009s ]
INFO: [ app_init ] --END-- [ RunTime:0.000254s ]
INFO: [ app_begin ] --START--
INFO: Run Behavior\ReadHtmlCacheBehavior [ RunTime:0.000312s ]
INFO: [ app_begin ] --END-- [ RunTime:0.000342s ]
SQL: SHOW COLUMNS FROM `tm_user` [ RunTime:0.0006s ]
SQL: SELECT * FROM `tm_user` WHERE ( 1=1 and tohelp=0 and status=1 and (number like "%%" or username like "%%" or mobile like "%%" or realname like "%%" ) ) ORDER BY  id desc LIMIT 0,10   [ RunTime:0.0004s ]
SQL: select count(*) as total from tm_user where 1=1 and tohelp=0 and status=1 and (number like "%%" or username like "%%" or mobile like "%%" or realname like "%%" ) [ RunTime:0.0002s ]
SQL: SELECT * FROM `tm_user`  [ RunTime:0.0002s ]
INFO: [ view_parse ] --START--
INFO: [ template_filter ] --START--
INFO: Run Behavior\ContentReplaceBehavior [ RunTime:0.000067s ]
INFO: [ template_filter ] --END-- [ RunTime:0.000101s ]
NOTIC: [2] date() expects parameter 2 to be long, string given /www/wwwroot/che.xuanzeguiyuan.com/App/Runtime/Cache/Admin/3db4199aa2d7dfb9022e93b26d4fe403.php 第 357 行.
NOTIC: [2] date() expects parameter 2 to be long, string given /www/wwwroot/che.xuanzeguiyuan.com/App/Runtime/Cache/Admin/3db4199aa2d7dfb9022e93b26d4fe403.php 第 363 行.
NOTIC: [8] Undefined index: tohelp /www/wwwroot/che.xuanzeguiyuan.com/App/Runtime/Cache/Admin/3db4199aa2d7dfb9022e93b26d4fe403.php 第 434 行.
INFO: Run Behavior\ParseTemplateBehavior [ RunTime:0.014121s ]
INFO: [ view_parse ] --END-- [ RunTime:0.014146s ]
INFO: [ view_filter ] --START--
INFO: Run Behavior\WriteHtmlCacheBehavior [ RunTime:0.000174s ]
INFO: [ view_filter ] --END-- [ RunTime:0.000191s ]
INFO: [ app_end ] --START--
INFO: Run Behavior\ShowPageTraceBehavior [ RunTime:0.000349s ]
INFO: [ app_end ] --END-- [ RunTime:0.000378s ]

[ 2024-04-18T22:55:01+08:00 ] 182.47.65.89 /admin/index/member.html?page=2&t=1
INFO: [ app_init ] --START--
INFO: Run Behavior\BuildLiteBehavior [ RunTime:0.000010s ]
INFO: [ app_init ] --END-- [ RunTime:0.000242s ]
INFO: [ app_begin ] --START--
INFO: Run Behavior\ReadHtmlCacheBehavior [ RunTime:0.000338s ]
INFO: [ app_begin ] --END-- [ RunTime:0.000370s ]
SQL: SHOW COLUMNS FROM `tm_user` [ RunTime:0.0007s ]
SQL: SELECT * FROM `tm_user` WHERE ( 1=1 and tohelp=0 and status=1 and (number like "%%" or username like "%%" or mobile like "%%" or realname like "%%" ) ) ORDER BY  id desc LIMIT 10,10   [ RunTime:0.0004s ]
SQL: select count(*) as total from tm_user where 1=1 and tohelp=0 and status=1 and (number like "%%" or username like "%%" or mobile like "%%" or realname like "%%" ) [ RunTime:0.0002s ]
SQL: SELECT * FROM `tm_user`  [ RunTime:0.0002s ]
INFO: [ view_parse ] --START--
INFO: [ template_filter ] --START--
INFO: Run Behavior\ContentReplaceBehavior [ RunTime:0.000061s ]
INFO: [ template_filter ] --END-- [ RunTime:0.000088s ]
NOTIC: [2] date() expects parameter 2 to be long, string given /www/wwwroot/che.xuanzeguiyuan.com/App/Runtime/Cache/Admin/3db4199aa2d7dfb9022e93b26d4fe403.php 第 357 行.
NOTIC: [2] date() expects parameter 2 to be long, string given /www/wwwroot/che.xuanzeguiyuan.com/App/Runtime/Cache/Admin/3db4199aa2d7dfb9022e93b26d4fe403.php 第 363 行.
NOTIC: [8] Undefined index: tohelp /www/wwwroot/che.xuanzeguiyuan.com/App/Runtime/Cache/Admin/3db4199aa2d7dfb9022e93b26d4fe403.php 第 434 行.
INFO: Run Behavior\ParseTemplateBehavior [ RunTime:0.012742s ]
INFO: [ view_parse ] --END-- [ RunTime:0.012768s ]
INFO: [ view_filter ] --START--
INFO: Run Behavior\WriteHtmlCacheBehavior [ RunTime:0.000176s ]
INFO: [ view_filter ] --END-- [ RunTime:0.000193s ]
INFO: [ app_end ] --START--
INFO: Run Behavior\ShowPageTraceBehavior [ RunTime:0.000343s ]
INFO: [ app_end ] --END-- [ RunTime:0.000366s ]

[ 2024-04-18T22:55:04+08:00 ] 182.47.65.89 /admin/index/login?id=353
INFO: [ app_init ] --START--
INFO: Run Behavior\BuildLiteBehavior [ RunTime:0.000009s ]
INFO: [ app_init ] --END-- [ RunTime:0.000210s ]
INFO: [ app_begin ] --START--
INFO: Run Behavior\ReadHtmlCacheBehavior [ RunTime:0.000360s ]
INFO: [ app_begin ] --END-- [ RunTime:0.000394s ]
SQL: SHOW COLUMNS FROM `tm_user` [ RunTime:0.0007s ]
SQL: SELECT * FROM `tm_user` WHERE ( id=353 ) LIMIT 1   [ RunTime:0.0003s ]
INFO: [ app_end ] --START--
INFO: Run Behavior\ShowPageTraceBehavior [ RunTime:0.000447s ]
INFO: [ app_end ] --END-- [ RunTime:0.000483s ]

[ 2024-04-18T22:57:22+08:00 ] 182.47.65.89 /admin/index/sqbd.html
INFO: [ app_init ] --START--
INFO: Run Behavior\BuildLiteBehavior [ RunTime:0.000011s ]
INFO: [ app_init ] --END-- [ RunTime:0.000251s ]
INFO: [ app_begin ] --START--
INFO: Run Behavior\ReadHtmlCacheBehavior [ RunTime:0.000316s ]
INFO: [ app_begin ] --END-- [ RunTime:0.000347s ]
SQL: SHOW COLUMNS FROM `tm_bd` [ RunTime:0.0005s ]
SQL: SELECT * FROM `tm_bd` WHERE ( tohelp=0 ) ORDER BY createtime desc  [ RunTime:0.0002s ]
INFO: [ view_parse ] --START--
INFO: [ template_filter ] --START--
INFO: Run Behavior\ContentReplaceBehavior [ RunTime:0.000074s ]
INFO: [ template_filter ] --END-- [ RunTime:0.000101s ]
NOTIC: [8] Undefined variable: total /www/wwwroot/che.xuanzeguiyuan.com/App/Runtime/Cache/Admin/b28bfae7687fa951ac3d44332bd7cf9b.php 第 373 行.
NOTIC: [8] Undefined variable: pagesize /www/wwwroot/che.xuanzeguiyuan.com/App/Runtime/Cache/Admin/b28bfae7687fa951ac3d44332bd7cf9b.php 第 373 行.
INFO: Run Behavior\ParseTemplateBehavior [ RunTime:0.012003s ]
INFO: [ view_parse ] --END-- [ RunTime:0.012027s ]
INFO: [ view_filter ] --START--
INFO: Run Behavior\WriteHtmlCacheBehavior [ RunTime:0.000192s ]
INFO: [ view_filter ] --END-- [ RunTime:0.000216s ]
INFO: [ app_end ] --START--
INFO: Run Behavior\ShowPageTraceBehavior [ RunTime:0.000323s ]
INFO: [ app_end ] --END-- [ RunTime:0.000344s ]

[ 2024-04-18T22:57:24+08:00 ] 182.47.65.89 /admin/index/member.html?t=2
INFO: [ app_init ] --START--
INFO: Run Behavior\BuildLiteBehavior [ RunTime:0.000012s ]
INFO: [ app_init ] --END-- [ RunTime:0.000242s ]
INFO: [ app_begin ] --START--
INFO: Run Behavior\ReadHtmlCacheBehavior [ RunTime:0.000328s ]
INFO: [ app_begin ] --END-- [ RunTime:0.000358s ]
SQL: SHOW COLUMNS FROM `tm_user` [ RunTime:0.0007s ]
SQL: SELECT * FROM `tm_user` WHERE ( 1=1 and tohelp=1 and status=1 and (number like "%%" or username like "%%" or mobile like "%%" or realname like "%%" ) ) ORDER BY  id desc LIMIT 0,10   [ RunTime:0.0004s ]
SQL: select count(*) as total from tm_user where 1=1 and tohelp=1 and status=1 and (number like "%%" or username like "%%" or mobile like "%%" or realname like "%%" ) [ RunTime:0.0002s ]
SQL: SELECT * FROM `tm_user`  [ RunTime:0.0002s ]
INFO: [ view_parse ] --START--
INFO: [ template_filter ] --START--
INFO: Run Behavior\ContentReplaceBehavior [ RunTime:0.000087s ]
INFO: [ template_filter ] --END-- [ RunTime:0.000131s ]
NOTIC: [2] date() expects parameter 2 to be long, string given /www/wwwroot/che.xuanzeguiyuan.com/App/Runtime/Cache/Admin/3db4199aa2d7dfb9022e93b26d4fe403.php 第 357 行.
NOTIC: [2] date() expects parameter 2 to be long, string given /www/wwwroot/che.xuanzeguiyuan.com/App/Runtime/Cache/Admin/3db4199aa2d7dfb9022e93b26d4fe403.php 第 363 行.
NOTIC: [8] Undefined index: tohelp /www/wwwroot/che.xuanzeguiyuan.com/App/Runtime/Cache/Admin/3db4199aa2d7dfb9022e93b26d4fe403.php 第 434 行.
INFO: Run Behavior\ParseTemplateBehavior [ RunTime:0.014700s ]
INFO: [ view_parse ] --END-- [ RunTime:0.014731s ]
INFO: [ view_filter ] --START--
INFO: Run Behavior\WriteHtmlCacheBehavior [ RunTime:0.000190s ]
INFO: [ view_filter ] --END-- [ RunTime:0.000210s ]
INFO: [ app_end ] --START--
INFO: Run Behavior\ShowPageTraceBehavior [ RunTime:0.000339s ]
INFO: [ app_end ] --END-- [ RunTime:0.000361s ]

[ 2024-04-18T22:57:26+08:00 ] 182.47.65.89 /admin/index/login?id=249
INFO: [ app_init ] --START--
INFO: Run Behavior\BuildLiteBehavior [ RunTime:0.000010s ]
INFO: [ app_init ] --END-- [ RunTime:0.000249s ]
INFO: [ app_begin ] --START--
INFO: Run Behavior\ReadHtmlCacheBehavior [ RunTime:0.000315s ]
INFO: [ app_begin ] --END-- [ RunTime:0.000342s ]
SQL: SHOW COLUMNS FROM `tm_user` [ RunTime:0.0007s ]
SQL: SELECT * FROM `tm_user` WHERE ( id=249 ) LIMIT 1   [ RunTime:0.0003s ]
INFO: [ app_end ] --START--
INFO: Run Behavior\ShowPageTraceBehavior [ RunTime:0.000374s ]
INFO: [ app_end ] --END-- [ RunTime:0.000401s ]

[ 2024-04-18T22:59:18+08:00 ] 182.47.65.89 /admin/index/sqbd.html
INFO: [ app_init ] --START--
INFO: Run Behavior\BuildLiteBehavior [ RunTime:0.000008s ]
INFO: [ app_init ] --END-- [ RunTime:0.000214s ]
INFO: [ app_begin ] --START--
INFO: Run Behavior\ReadHtmlCacheBehavior [ RunTime:0.000312s ]
INFO: [ app_begin ] --END-- [ RunTime:0.000339s ]
SQL: SHOW COLUMNS FROM `tm_bd` [ RunTime:0.0005s ]
SQL: SELECT * FROM `tm_bd` WHERE ( tohelp=0 ) ORDER BY createtime desc  [ RunTime:0.0002s ]
INFO: [ view_parse ] --START--
INFO: [ template_filter ] --START--
INFO: Run Behavior\ContentReplaceBehavior [ RunTime:0.000067s ]
INFO: [ template_filter ] --END-- [ RunTime:0.000100s ]
NOTIC: [8] Undefined variable: total /www/wwwroot/che.xuanzeguiyuan.com/App/Runtime/Cache/Admin/b28bfae7687fa951ac3d44332bd7cf9b.php 第 373 行.
NOTIC: [8] Undefined variable: pagesize /www/wwwroot/che.xuanzeguiyuan.com/App/Runtime/Cache/Admin/b28bfae7687fa951ac3d44332bd7cf9b.php 第 373 行.
INFO: Run Behavior\ParseTemplateBehavior [ RunTime:0.012211s ]
INFO: [ view_parse ] --END-- [ RunTime:0.012249s ]
INFO: [ view_filter ] --START--
INFO: Run Behavior\WriteHtmlCacheBehavior [ RunTime:0.000193s ]
INFO: [ view_filter ] --END-- [ RunTime:0.000221s ]
INFO: [ app_end ] --START--
INFO: Run Behavior\ShowPageTraceBehavior [ RunTime:0.000340s ]
INFO: [ app_end ] --END-- [ RunTime:0.000363s ]

[ 2024-04-18T22:59:22+08:00 ] 182.47.65.89 /admin/index/gcsq.html
INFO: [ app_init ] --START--
INFO: Run Behavior\BuildLiteBehavior [ RunTime:0.000010s ]
INFO: [ app_init ] --END-- [ RunTime:0.000240s ]
INFO: [ app_begin ] --START--
INFO: Run Behavior\ReadHtmlCacheBehavior [ RunTime:0.000305s ]
INFO: [ app_begin ] --END-- [ RunTime:0.000334s ]
SQL: SHOW COLUMNS FROM `tm_bycar` [ RunTime:0.0006s ]
SQL: SELECT * FROM `tm_bycar`  [ RunTime:0.0002s ]
INFO: [ view_parse ] --START--
INFO: [ template_filter ] --START--
INFO: Run Behavior\ContentReplaceBehavior [ RunTime:0.000061s ]
INFO: [ template_filter ] --END-- [ RunTime:0.000090s ]
NOTIC: [8] Undefined variable: keyword /www/wwwroot/che.xuanzeguiyuan.com/App/Runtime/Cache/Admin/b9d034e9d949c46d896d27a6debbc177.php 第 351 行.
NOTIC: [8] Undefined variable: begintime /www/wwwroot/che.xuanzeguiyuan.com/App/Runtime/Cache/Admin/b9d034e9d949c46d896d27a6debbc177.php 第 357 行.
NOTIC: [8] Undefined variable: endtime /www/wwwroot/che.xuanzeguiyuan.com/App/Runtime/Cache/Admin/b9d034e9d949c46d896d27a6debbc177.php 第 363 行.
NOTIC: [8] Undefined variable: total /www/wwwroot/che.xuanzeguiyuan.com/App/Runtime/Cache/Admin/b9d034e9d949c46d896d27a6debbc177.php 第 425 行.
NOTIC: [8] Undefined variable: pagesize /www/wwwroot/che.xuanzeguiyuan.com/App/Runtime/Cache/Admin/b9d034e9d949c46d896d27a6debbc177.php 第 425 行.
INFO: Run Behavior\ParseTemplateBehavior [ RunTime:0.012109s ]
INFO: [ view_parse ] --END-- [ RunTime:0.012173s ]
INFO: [ view_filter ] --START--
INFO: Run Behavior\WriteHtmlCacheBehavior [ RunTime:0.000162s ]
INFO: [ view_filter ] --END-- [ RunTime:0.000190s ]
INFO: [ app_end ] --START--
INFO: Run Behavior\ShowPageTraceBehavior [ RunTime:0.000340s ]
INFO: [ app_end ] --END-- [ RunTime:0.000363s ]

[ 2024-04-18T22:59:24+08:00 ] 182.47.65.89 /admin/index/index.html
INFO: [ app_init ] --START--
INFO: Run Behavior\BuildLiteBehavior [ RunTime:0.000011s ]
INFO: [ app_init ] --END-- [ RunTime:0.000230s ]
INFO: [ app_begin ] --START--
INFO: Run Behavior\ReadHtmlCacheBehavior [ RunTime:0.000333s ]
INFO: [ app_begin ] --END-- [ RunTime:0.000366s ]
SQL: SHOW COLUMNS FROM `tm_user` [ RunTime:0.0007s ]
SQL: SELECT count(1) as total FROM `tm_user`  [ RunTime:0.0001s ]
SQL: SELECT count(1) as total FROM `tm_user` WHERE ( status=1 )  [ RunTime:0.0002s ]
SQL: SELECT count(1) as total FROM `tm_user` WHERE ( status=0 )  [ RunTime:0.0002s ]
SQL: SELECT count(1) as total FROM `tm_user` WHERE ( createtime>1713369600 )  [ RunTime:0.0001s ]
SQL: SHOW COLUMNS FROM `tm_income` [ RunTime:0.0005s ]
SQL: SELECT sum(price) as total FROM `tm_income` WHERE ( status=1 and gotegary=2 )  [ RunTime:0.0002s ]
SQL: SHOW COLUMNS FROM `tm_parameter` [ RunTime:0.0004s ]
SQL: SELECT * FROM `tm_parameter` ORDER BY id asc  [ RunTime:0.0002s ]
SQL: SELECT sum(price) as total FROM `tm_income` WHERE ( status=1 and gotegary=1 and createtime>1713369600 )  [ RunTime:0.0002s ]
SQL: SELECT sum(price) as total FROM `tm_income` WHERE ( status=1 and gotegary=4 and createtime>1713369600 )  [ RunTime:0.0001s ]
INFO: [ view_parse ] --START--
INFO: [ template_filter ] --START--
INFO: Run Behavior\ContentReplaceBehavior [ RunTime:0.000044s ]
INFO: [ template_filter ] --END-- [ RunTime:0.000070s ]
INFO: Run Behavior\ParseTemplateBehavior [ RunTime:0.008236s ]
INFO: [ view_parse ] --END-- [ RunTime:0.008263s ]
INFO: [ view_filter ] --START--
INFO: Run Behavior\WriteHtmlCacheBehavior [ RunTime:0.000147s ]
INFO: [ view_filter ] --END-- [ RunTime:0.000164s ]
INFO: [ app_end ] --START--
INFO: Run Behavior\ShowPageTraceBehavior [ RunTime:0.000317s ]
INFO: [ app_end ] --END-- [ RunTime:0.000339s ]

[ 2024-04-18T22:59:33+08:00 ] 182.47.65.89 /admin/index/member.html?t=1
INFO: [ app_init ] --START--
INFO: Run Behavior\BuildLiteBehavior [ RunTime:0.000008s ]
INFO: [ app_init ] --END-- [ RunTime:0.000203s ]
INFO: [ app_begin ] --START--
INFO: Run Behavior\ReadHtmlCacheBehavior [ RunTime:0.000296s ]
INFO: [ app_begin ] --END-- [ RunTime:0.000323s ]
SQL: SHOW COLUMNS FROM `tm_user` [ RunTime:0.0007s ]
SQL: SELECT * FROM `tm_user` WHERE ( 1=1 and tohelp=0 and status=1 and (number like "%%" or username like "%%" or mobile like "%%" or realname like "%%" ) ) ORDER BY  id desc LIMIT 0,10   [ RunTime:0.0004s ]
SQL: select count(*) as total from tm_user where 1=1 and tohelp=0 and status=1 and (number like "%%" or username like "%%" or mobile like "%%" or realname like "%%" ) [ RunTime:0.0002s ]
SQL: SELECT * FROM `tm_user`  [ RunTime:0.0002s ]
INFO: [ view_parse ] --START--
INFO: [ template_filter ] --START--
INFO: Run Behavior\ContentReplaceBehavior [ RunTime:0.000066s ]
INFO: [ template_filter ] --END-- [ RunTime:0.000091s ]
NOTIC: [2] date() expects parameter 2 to be long, string given /www/wwwroot/che.xuanzeguiyuan.com/App/Runtime/Cache/Admin/3db4199aa2d7dfb9022e93b26d4fe403.php 第 357 行.
NOTIC: [2] date() expects parameter 2 to be long, string given /www/wwwroot/che.xuanzeguiyuan.com/App/Runtime/Cache/Admin/3db4199aa2d7dfb9022e93b26d4fe403.php 第 363 行.
NOTIC: [8] Undefined index: tohelp /www/wwwroot/che.xuanzeguiyuan.com/App/Runtime/Cache/Admin/3db4199aa2d7dfb9022e93b26d4fe403.php 第 434 行.
INFO: Run Behavior\ParseTemplateBehavior [ RunTime:0.012522s ]
INFO: [ view_parse ] --END-- [ RunTime:0.012550s ]
INFO: [ view_filter ] --START--
INFO: Run Behavior\WriteHtmlCacheBehavior [ RunTime:0.000159s ]
INFO: [ view_filter ] --END-- [ RunTime:0.000176s ]
INFO: [ app_end ] --START--
INFO: Run Behavior\ShowPageTraceBehavior [ RunTime:0.000320s ]
INFO: [ app_end ] --END-- [ RunTime:0.000341s ]

[ 2024-04-18T22:59:45+08:00 ] 182.47.65.89 /admin/index/member.html?page=2&t=1
INFO: [ app_init ] --START--
INFO: Run Behavior\BuildLiteBehavior [ RunTime:0.000009s ]
INFO: [ app_init ] --END-- [ RunTime:0.000232s ]
INFO: [ app_begin ] --START--
INFO: Run Behavior\ReadHtmlCacheBehavior [ RunTime:0.000420s ]
INFO: [ app_begin ] --END-- [ RunTime:0.000460s ]
SQL: SHOW COLUMNS FROM `tm_user` [ RunTime:0.0007s ]
SQL: SELECT * FROM `tm_user` WHERE ( 1=1 and tohelp=0 and status=1 and (number like "%%" or username like "%%" or mobile like "%%" or realname like "%%" ) ) ORDER BY  id desc LIMIT 10,10   [ RunTime:0.0005s ]
SQL: select count(*) as total from tm_user where 1=1 and tohelp=0 and status=1 and (number like "%%" or username like "%%" or mobile like "%%" or realname like "%%" ) [ RunTime:0.0002s ]
SQL: SELECT * FROM `tm_user`  [ RunTime:0.0002s ]
INFO: [ view_parse ] --START--
INFO: [ template_filter ] --START--
INFO: Run Behavior\ContentReplaceBehavior [ RunTime:0.000068s ]
INFO: [ template_filter ] --END-- [ RunTime:0.000098s ]
NOTIC: [2] date() expects parameter 2 to be long, string given /www/wwwroot/che.xuanzeguiyuan.com/App/Runtime/Cache/Admin/3db4199aa2d7dfb9022e93b26d4fe403.php 第 357 行.
NOTIC: [2] date() expects parameter 2 to be long, string given /www/wwwroot/che.xuanzeguiyuan.com/App/Runtime/Cache/Admin/3db4199aa2d7dfb9022e93b26d4fe403.php 第 363 行.
NOTIC: [8] Undefined index: tohelp /www/wwwroot/che.xuanzeguiyuan.com/App/Runtime/Cache/Admin/3db4199aa2d7dfb9022e93b26d4fe403.php 第 434 行.
INFO: Run Behavior\ParseTemplateBehavior [ RunTime:0.013283s ]
INFO: [ view_parse ] --END-- [ RunTime:0.013310s ]
INFO: [ view_filter ] --START--
INFO: Run Behavior\WriteHtmlCacheBehavior [ RunTime:0.000169s ]
INFO: [ view_filter ] --END-- [ RunTime:0.000186s ]
INFO: [ app_end ] --START--
INFO: Run Behavior\ShowPageTraceBehavior [ RunTime:0.000409s ]
INFO: [ app_end ] --END-- [ RunTime:0.000440s ]

[ 2024-04-18T22:59:48+08:00 ] 182.47.65.89 /admin/index/login?id=357
INFO: [ app_init ] --START--
INFO: Run Behavior\BuildLiteBehavior [ RunTime:0.000012s ]
INFO: [ app_init ] --END-- [ RunTime:0.000244s ]
INFO: [ app_begin ] --START--
INFO: Run Behavior\ReadHtmlCacheBehavior [ RunTime:0.000308s ]
INFO: [ app_begin ] --END-- [ RunTime:0.000342s ]
SQL: SHOW COLUMNS FROM `tm_user` [ RunTime:0.0007s ]
SQL: SELECT * FROM `tm_user` WHERE ( id=357 ) LIMIT 1   [ RunTime:0.0003s ]
INFO: [ app_end ] --START--
INFO: Run Behavior\ShowPageTraceBehavior [ RunTime:0.000350s ]
INFO: [ app_end ] --END-- [ RunTime:0.000374s ]

[ 2024-04-18T23:01:43+08:00 ] 182.47.65.89 /admin/index/login?id=352
INFO: [ app_init ] --START--
INFO: Run Behavior\BuildLiteBehavior [ RunTime:0.000013s ]
INFO: [ app_init ] --END-- [ RunTime:0.000310s ]
INFO: [ app_begin ] --START--
INFO: Run Behavior\ReadHtmlCacheBehavior [ RunTime:0.000436s ]
INFO: [ app_begin ] --END-- [ RunTime:0.000483s ]
SQL: SHOW COLUMNS FROM `tm_user` [ RunTime:0.0010s ]
SQL: SELECT * FROM `tm_user` WHERE ( id=352 ) LIMIT 1   [ RunTime:0.0004s ]
INFO: [ app_end ] --START--
INFO: Run Behavior\ShowPageTraceBehavior [ RunTime:0.000455s ]
INFO: [ app_end ] --END-- [ RunTime:0.000491s ]

[ 2024-04-18T23:03:55+08:00 ] 182.47.65.89 /admin/index/login?id=354
INFO: [ app_init ] --START--
INFO: Run Behavior\BuildLiteBehavior [ RunTime:0.000009s ]
INFO: [ app_init ] --END-- [ RunTime:0.000246s ]
INFO: [ app_begin ] --START--
INFO: Run Behavior\ReadHtmlCacheBehavior [ RunTime:0.000359s ]
INFO: [ app_begin ] --END-- [ RunTime:0.000389s ]
SQL: SHOW COLUMNS FROM `tm_user` [ RunTime:0.0007s ]
SQL: SELECT * FROM `tm_user` WHERE ( id=354 ) LIMIT 1   [ RunTime:0.0003s ]
INFO: [ app_end ] --START--
INFO: Run Behavior\ShowPageTraceBehavior [ RunTime:0.000406s ]
INFO: [ app_end ] --END-- [ RunTime:0.000441s ]

