[ 2020-06-17T22:32:28+08:00 ] 220.195.65.39 /pc/index/logout
INFO: [ app_init ] --START--
INFO: Run Behavior\BuildLiteBehavior [ RunTime:0.000000s ]
INFO: [ app_init ] --END-- [ RunTime:0.000000s ]
INFO: [ app_begin ] --START--
INFO: Run Behavior\ReadHtmlCacheBehavior [ RunTime:0.000000s ]
INFO: [ app_begin ] --END-- [ RunTime:0.000000s ]

[ 2020-06-17T22:32:29+08:00 ] 220.195.65.39 /pc/index/login.html
INFO: [ app_init ] --START--
INFO: Run Behavior\BuildLiteBehavior [ RunTime:0.000000s ]
INFO: [ app_init ] --END-- [ RunTime:0.000000s ]
INFO: [ app_begin ] --START--
INFO: Run Behavior\ReadHtmlCacheBehavior [ RunTime:0.000000s ]
INFO: [ app_begin ] --END-- [ RunTime:0.000000s ]
INFO: [ view_parse ] --START--
INFO: [ template_filter ] --START--
INFO: Run Behavior\ContentReplaceBehavior [ RunTime:0.000000s ]
INFO: [ template_filter ] --END-- [ RunTime:0.000000s ]
NOTIC: [8] Undefined variable: code D:\wwwroot\che.ruishengkj.net\App\Runtime\Cache\Pc\e58151cd04ab4962bc61ad75b789d131.php 第 35 行.
INFO: Run Behavior\ParseTemplateBehavior [ RunTime:0.015630s ]
INFO: [ view_parse ] --END-- [ RunTime:0.015630s ]
INFO: [ view_filter ] --START--
INFO: Run Behavior\WriteHtmlCacheBehavior [ RunTime:0.000000s ]
INFO: [ view_filter ] --END-- [ RunTime:0.000000s ]
INFO: [ app_end ] --START--
INFO: Run Behavior\ShowPageTraceBehavior [ RunTime:0.000000s ]
INFO: [ app_end ] --END-- [ RunTime:0.000000s ]

[ 2020-06-17T22:32:30+08:00 ] 220.195.65.39 /pc/index/libs/jq/jquery-1.9.1.min.js
INFO: [ app_init ] --START--
INFO: Run Behavior\BuildLiteBehavior [ RunTime:0.000000s ]
INFO: [ app_init ] --END-- [ RunTime:0.000000s ]
INFO: [ app_begin ] --START--
INFO: Run Behavior\ReadHtmlCacheBehavior [ RunTime:0.000000s ]
INFO: [ app_begin ] --END-- [ RunTime:0.000000s ]
ERR: 非法操作:libs

[ 2020-06-17T22:32:56+08:00 ] 220.195.65.39 /pc/index/dologin
INFO: [ app_init ] --START--
INFO: Run Behavior\BuildLiteBehavior [ RunTime:0.000000s ]
INFO: [ app_init ] --END-- [ RunTime:0.000000s ]
INFO: [ app_begin ] --START--
INFO: Run Behavior\ReadHtmlCacheBehavior [ RunTime:0.000000s ]
INFO: [ app_begin ] --END-- [ RunTime:0.000000s ]
SQL: SHOW COLUMNS FROM `tm_user` [ RunTime:0.0000s ]
SQL: SELECT * FROM `tm_user` WHERE ( username='mj000008' ) LIMIT 1   [ RunTime:0.0000s ]
SQL: SELECT * FROM `tm_user` WHERE ( id=297 ) LIMIT 1   [ RunTime:0.0000s ]
NOTIC: [2] Missing argument 1 for Think\PasswordHash::__construct(), called in D:\wwwroot\che.ruishengkj.net\App\Pc\Controller\IndexController.class.php on line 476 and defined D:\wwwroot\che.ruishengkj.net\Tp\Library\Think\PasswordHash.class.php 第 34 行.
NOTIC: [2] Missing argument 2 for Think\PasswordHash::__construct(), called in D:\wwwroot\che.ruishengkj.net\App\Pc\Controller\IndexController.class.php on line 476 and defined D:\wwwroot\che.ruishengkj.net\Tp\Library\Think\PasswordHash.class.php 第 34 行.
NOTIC: [8] Undefined variable: iteration_count_log2 D:\wwwroot\che.ruishengkj.net\Tp\Library\Think\PasswordHash.class.php 第 38 行.
NOTIC: [8] Undefined variable: portable_hashes D:\wwwroot\che.ruishengkj.net\Tp\Library\Think\PasswordHash.class.php 第 42 行.

[ 2020-06-17T22:32:57+08:00 ] 220.195.65.39 /pc/index/index.html
INFO: [ app_init ] --START--
INFO: Run Behavior\BuildLiteBehavior [ RunTime:0.000000s ]
INFO: [ app_init ] --END-- [ RunTime:0.000000s ]
INFO: [ app_begin ] --START--
INFO: Run Behavior\ReadHtmlCacheBehavior [ RunTime:0.000000s ]
INFO: [ app_begin ] --END-- [ RunTime:0.000000s ]
SQL: SHOW COLUMNS FROM `tm_user` [ RunTime:0.0000s ]
SQL: SELECT * FROM `tm_user` WHERE ( id=297 ) LIMIT 1   [ RunTime:0.0000s ]
NOTIC: [2] Missing argument 1 for Think\PasswordHash::__construct(), called in D:\wwwroot\che.ruishengkj.net\App\Pc\Controller\IndexController.class.php on line 476 and defined D:\wwwroot\che.ruishengkj.net\Tp\Library\Think\PasswordHash.class.php 第 34 行.
NOTIC: [2] Missing argument 2 for Think\PasswordHash::__construct(), called in D:\wwwroot\che.ruishengkj.net\App\Pc\Controller\IndexController.class.php on line 476 and defined D:\wwwroot\che.ruishengkj.net\Tp\Library\Think\PasswordHash.class.php 第 34 行.
NOTIC: [8] Undefined variable: iteration_count_log2 D:\wwwroot\che.ruishengkj.net\Tp\Library\Think\PasswordHash.class.php 第 38 行.
NOTIC: [8] Undefined variable: portable_hashes D:\wwwroot\che.ruishengkj.net\Tp\Library\Think\PasswordHash.class.php 第 42 行.
SQL: SHOW COLUMNS FROM `tm_ad` [ RunTime:0.0000s ]
SQL: SELECT * FROM `tm_ad` ORDER BY id asc  [ RunTime:0.0000s ]
SQL: SHOW COLUMNS FROM `tm_setting` [ RunTime:0.0000s ]
SQL: SELECT * FROM `tm_setting` WHERE ( id=1 ) LIMIT 1   [ RunTime:0.0000s ]
SQL: SHOW COLUMNS FROM `tm_type` [ RunTime:0.0000s ]
SQL: SELECT * FROM `tm_type` ORDER BY typeid desc  [ RunTime:0.0000s ]
SQL: SHOW COLUMNS FROM `tm_integral` [ RunTime:0.0156s ]
SQL: SELECT * FROM `tm_integral` WHERE ( userid=297 ) LIMIT 1   [ RunTime:0.0000s ]
SQL: SELECT * FROM `tm_integral` WHERE ( userid=297 ) LIMIT 1   [ RunTime:0.0000s ]
SQL: SHOW COLUMNS FROM `tm_income` [ RunTime:0.0000s ]
SQL: SELECT sum(price) as total FROM `tm_income` WHERE ( userid=297 and status=1 and (gotegary=4 or gotegary=1) )  [ RunTime:0.0000s ]
SQL: SELECT count(1) as total FROM `tm_type` WHERE ( 1592404377-createtime<24*3600 )  [ RunTime:0.0000s ]
SQL: SHOW COLUMNS FROM `tm_samsara` [ RunTime:0.0000s ]
SQL: SELECT * FROM `tm_samsara` WHERE ( userid=297 ) LIMIT 1   [ RunTime:0.0000s ]
INFO: [ view_parse ] --START--
INFO: [ template_filter ] --START--
INFO: Run Behavior\ContentReplaceBehavior [ RunTime:0.000000s ]
INFO: [ template_filter ] --END-- [ RunTime:0.000000s ]
SQL: SELECT * FROM `tm_user` WHERE ( id=297 ) LIMIT 1   [ RunTime:0.0000s ]
SQL: SELECT * FROM `tm_user` WHERE ( id=297 ) LIMIT 1   [ RunTime:0.0000s ]
INFO: Run Behavior\ParseTemplateBehavior [ RunTime:0.000000s ]
INFO: [ view_parse ] --END-- [ RunTime:0.000000s ]
INFO: [ view_filter ] --START--
INFO: Run Behavior\WriteHtmlCacheBehavior [ RunTime:0.000000s ]
INFO: [ view_filter ] --END-- [ RunTime:0.000000s ]
INFO: [ app_end ] --START--
INFO: Run Behavior\ShowPageTraceBehavior [ RunTime:0.000000s ]
INFO: [ app_end ] --END-- [ RunTime:0.000000s ]

[ 2020-06-17T22:33:05+08:00 ] 220.195.65.39 /pc/wo/jdmx/id/1
INFO: [ app_init ] --START--
INFO: Run Behavior\BuildLiteBehavior [ RunTime:0.000000s ]
INFO: [ app_init ] --END-- [ RunTime:0.000000s ]
INFO: [ app_begin ] --START--
INFO: Run Behavior\ReadHtmlCacheBehavior [ RunTime:0.015631s ]
INFO: [ app_begin ] --END-- [ RunTime:0.015631s ]
SQL: SHOW COLUMNS FROM `tm_income` [ RunTime:0.0000s ]
SQL: SELECT * FROM `tm_income` WHERE ( gotegary=1 and userid='297' ) ORDER BY id desc  [ RunTime:0.0000s ]
INFO: [ view_parse ] --START--
INFO: [ template_filter ] --START--
INFO: Run Behavior\ContentReplaceBehavior [ RunTime:0.000000s ]
INFO: [ template_filter ] --END-- [ RunTime:0.000000s ]
SQL: SHOW COLUMNS FROM `tm_user` [ RunTime:0.0000s ]
SQL: SELECT * FROM `tm_user` WHERE ( id=297 ) LIMIT 1   [ RunTime:0.0000s ]
SQL: SELECT * FROM `tm_user` WHERE ( id=297 ) LIMIT 1   [ RunTime:0.0000s ]
NOTIC: [8] Undefined variable: pageurl D:\wwwroot\che.ruishengkj.net\App\Runtime\Cache\Pc\e722844fba9af3d12f2d375f4794dc11.php 第 170 行.
NOTIC: [8] Undefined variable: search D:\wwwroot\che.ruishengkj.net\App\Runtime\Cache\Pc\e722844fba9af3d12f2d375f4794dc11.php 第 170 行.
NOTIC: [8] Undefined variable: page D:\wwwroot\che.ruishengkj.net\App\Runtime\Cache\Pc\e722844fba9af3d12f2d375f4794dc11.php 第 174 行.
NOTIC: [8] Undefined variable: pageurl D:\wwwroot\che.ruishengkj.net\App\Runtime\Cache\Pc\e722844fba9af3d12f2d375f4794dc11.php 第 176 行.
NOTIC: [8] Undefined variable: page D:\wwwroot\che.ruishengkj.net\App\Runtime\Cache\Pc\e722844fba9af3d12f2d375f4794dc11.php 第 176 行.
NOTIC: [8] Undefined variable: search D:\wwwroot\che.ruishengkj.net\App\Runtime\Cache\Pc\e722844fba9af3d12f2d375f4794dc11.php 第 176 行.
NOTIC: [8] Undefined variable: count D:\wwwroot\che.ruishengkj.net\App\Runtime\Cache\Pc\e722844fba9af3d12f2d375f4794dc11.php 第 178 行.
NOTIC: [8] Undefined variable: count D:\wwwroot\che.ruishengkj.net\App\Runtime\Cache\Pc\e722844fba9af3d12f2d375f4794dc11.php 第 178 行.
NOTIC: [8] Undefined variable: count D:\wwwroot\che.ruishengkj.net\App\Runtime\Cache\Pc\e722844fba9af3d12f2d375f4794dc11.php 第 194 行.
NOTIC: [8] Undefined variable: page D:\wwwroot\che.ruishengkj.net\App\Runtime\Cache\Pc\e722844fba9af3d12f2d375f4794dc11.php 第 194 行.
NOTIC: [8] Undefined variable: pageurl D:\wwwroot\che.ruishengkj.net\App\Runtime\Cache\Pc\e722844fba9af3d12f2d375f4794dc11.php 第 199 行.
NOTIC: [8] Undefined variable: count D:\wwwroot\che.ruishengkj.net\App\Runtime\Cache\Pc\e722844fba9af3d12f2d375f4794dc11.php 第 199 行.
NOTIC: [8] Undefined variable: search D:\wwwroot\che.ruishengkj.net\App\Runtime\Cache\Pc\e722844fba9af3d12f2d375f4794dc11.php 第 199 行.
NOTIC: [8] Undefined variable: count D:\wwwroot\che.ruishengkj.net\App\Runtime\Cache\Pc\e722844fba9af3d12f2d375f4794dc11.php 第 208 行.
NOTIC: [8] Undefined variable: count D:\wwwroot\che.ruishengkj.net\App\Runtime\Cache\Pc\e722844fba9af3d12f2d375f4794dc11.php 第 209 行.
NOTIC: [8] Undefined variable: total D:\wwwroot\che.ruishengkj.net\App\Runtime\Cache\Pc\e722844fba9af3d12f2d375f4794dc11.php 第 209 行.
NOTIC: [8] Undefined variable: pageurl D:\wwwroot\che.ruishengkj.net\App\Runtime\Cache\Pc\e722844fba9af3d12f2d375f4794dc11.php 第 241 行.
NOTIC: [8] Undefined variable: search D:\wwwroot\che.ruishengkj.net\App\Runtime\Cache\Pc\e722844fba9af3d12f2d375f4794dc11.php 第 241 行.
INFO: Run Behavior\ParseTemplateBehavior [ RunTime:0.015631s ]
INFO: [ view_parse ] --END-- [ RunTime:0.015631s ]
INFO: [ view_filter ] --START--
INFO: Run Behavior\WriteHtmlCacheBehavior [ RunTime:0.000000s ]
INFO: [ view_filter ] --END-- [ RunTime:0.000000s ]
INFO: [ app_end ] --START--
INFO: Run Behavior\ShowPageTraceBehavior [ RunTime:0.000000s ]
INFO: [ app_end ] --END-- [ RunTime:0.000000s ]

[ 2020-06-17T23:01:58+08:00 ] 203.208.60.75 /
INFO: [ app_init ] --START--
INFO: Run Behavior\BuildLiteBehavior [ RunTime:0.000000s ]
INFO: [ app_init ] --END-- [ RunTime:0.000000s ]
INFO: [ app_begin ] --START--
INFO: Run Behavior\ReadHtmlCacheBehavior [ RunTime:0.015631s ]
INFO: [ app_begin ] --END-- [ RunTime:0.015631s ]

[ 2020-06-17T23:02:01+08:00 ] 203.208.60.26 /pc/index/login.html
INFO: [ app_init ] --START--
INFO: Run Behavior\BuildLiteBehavior [ RunTime:0.000000s ]
INFO: [ app_init ] --END-- [ RunTime:0.000000s ]
INFO: [ app_begin ] --START--
INFO: Run Behavior\ReadHtmlCacheBehavior [ RunTime:0.000000s ]
INFO: [ app_begin ] --END-- [ RunTime:0.000000s ]
INFO: [ view_parse ] --START--
INFO: [ template_filter ] --START--
INFO: Run Behavior\ContentReplaceBehavior [ RunTime:0.000000s ]
INFO: [ template_filter ] --END-- [ RunTime:0.000000s ]
NOTIC: [8] Undefined variable: code D:\wwwroot\che.ruishengkj.net\App\Runtime\Cache\Pc\e58151cd04ab4962bc61ad75b789d131.php 第 35 行.
INFO: Run Behavior\ParseTemplateBehavior [ RunTime:0.000000s ]
INFO: [ view_parse ] --END-- [ RunTime:0.000000s ]
INFO: [ view_filter ] --START--
INFO: Run Behavior\WriteHtmlCacheBehavior [ RunTime:0.000000s ]
INFO: [ view_filter ] --END-- [ RunTime:0.000000s ]
INFO: [ app_end ] --START--
INFO: Run Behavior\ShowPageTraceBehavior [ RunTime:0.000000s ]
INFO: [ app_end ] --END-- [ RunTime:0.000000s ]

[ 2020-06-17T23:02:05+08:00 ] 203.208.60.43 /pc/index/libs/jq/jquery-1.9.1.min.js
INFO: [ app_init ] --START--
INFO: Run Behavior\BuildLiteBehavior [ RunTime:0.000000s ]
INFO: [ app_init ] --END-- [ RunTime:0.000000s ]
INFO: [ app_begin ] --START--
INFO: Run Behavior\ReadHtmlCacheBehavior [ RunTime:0.000000s ]
INFO: [ app_begin ] --END-- [ RunTime:0.000000s ]
ERR: 非法操作:libs

[ 2020-06-17T23:44:27+08:00 ] 61.54.214.215 /
INFO: [ app_init ] --START--
INFO: Run Behavior\BuildLiteBehavior [ RunTime:0.000000s ]
INFO: [ app_init ] --END-- [ RunTime:0.000000s ]
INFO: [ app_begin ] --START--
INFO: Run Behavior\ReadHtmlCacheBehavior [ RunTime:0.000000s ]
INFO: [ app_begin ] --END-- [ RunTime:0.000000s ]

[ 2020-06-17T23:44:27+08:00 ] 61.54.214.215 /pc/index/login.html
INFO: [ app_init ] --START--
INFO: Run Behavior\BuildLiteBehavior [ RunTime:0.000000s ]
INFO: [ app_init ] --END-- [ RunTime:0.000000s ]
INFO: [ app_begin ] --START--
INFO: Run Behavior\ReadHtmlCacheBehavior [ RunTime:0.000000s ]
INFO: [ app_begin ] --END-- [ RunTime:0.000000s ]
INFO: [ view_parse ] --START--
INFO: [ template_filter ] --START--
INFO: Run Behavior\ContentReplaceBehavior [ RunTime:0.000000s ]
INFO: [ template_filter ] --END-- [ RunTime:0.000000s ]
NOTIC: [8] Undefined variable: code D:\wwwroot\che.ruishengkj.net\App\Runtime\Cache\Pc\e58151cd04ab4962bc61ad75b789d131.php 第 35 行.
INFO: Run Behavior\ParseTemplateBehavior [ RunTime:0.000000s ]
INFO: [ view_parse ] --END-- [ RunTime:0.000000s ]
INFO: [ view_filter ] --START--
INFO: Run Behavior\WriteHtmlCacheBehavior [ RunTime:0.000000s ]
INFO: [ view_filter ] --END-- [ RunTime:0.000000s ]
INFO: [ app_end ] --START--
INFO: Run Behavior\ShowPageTraceBehavior [ RunTime:0.000000s ]
INFO: [ app_end ] --END-- [ RunTime:0.000000s ]

[ 2020-06-17T23:44:28+08:00 ] 61.54.214.215 /pc/index/libs/jq/jquery-1.9.1.min.js
INFO: [ app_init ] --START--
INFO: Run Behavior\BuildLiteBehavior [ RunTime:0.000000s ]
INFO: [ app_init ] --END-- [ RunTime:0.000000s ]
INFO: [ app_begin ] --START--
INFO: Run Behavior\ReadHtmlCacheBehavior [ RunTime:0.000000s ]
INFO: [ app_begin ] --END-- [ RunTime:0.000000s ]
ERR: 非法操作:libs

[ 2020-06-17T23:44:28+08:00 ] 106.11.223.19 /
INFO: [ app_init ] --START--
INFO: Run Behavior\BuildLiteBehavior [ RunTime:0.000000s ]
INFO: [ app_init ] --END-- [ RunTime:0.000000s ]
INFO: [ app_begin ] --START--
INFO: Run Behavior\ReadHtmlCacheBehavior [ RunTime:0.000000s ]
INFO: [ app_begin ] --END-- [ RunTime:0.000000s ]

[ 2020-06-17T23:44:31+08:00 ] 61.54.214.215 /pc/index/login.html
INFO: [ app_init ] --START--
INFO: Run Behavior\BuildLiteBehavior [ RunTime:0.000000s ]
INFO: [ app_init ] --END-- [ RunTime:0.000000s ]
INFO: [ app_begin ] --START--
INFO: Run Behavior\ReadHtmlCacheBehavior [ RunTime:0.000000s ]
INFO: [ app_begin ] --END-- [ RunTime:0.000000s ]
INFO: [ view_parse ] --START--
INFO: [ template_filter ] --START--
INFO: Run Behavior\ContentReplaceBehavior [ RunTime:0.000000s ]
INFO: [ template_filter ] --END-- [ RunTime:0.000000s ]
NOTIC: [8] Undefined variable: code D:\wwwroot\che.ruishengkj.net\App\Runtime\Cache\Pc\e58151cd04ab4962bc61ad75b789d131.php 第 35 行.
INFO: Run Behavior\ParseTemplateBehavior [ RunTime:0.015631s ]
INFO: [ view_parse ] --END-- [ RunTime:0.015631s ]
INFO: [ view_filter ] --START--
INFO: Run Behavior\WriteHtmlCacheBehavior [ RunTime:0.000000s ]
INFO: [ view_filter ] --END-- [ RunTime:0.000000s ]
INFO: [ app_end ] --START--
INFO: Run Behavior\ShowPageTraceBehavior [ RunTime:0.000000s ]
INFO: [ app_end ] --END-- [ RunTime:0.000000s ]

[ 2020-06-17T23:44:31+08:00 ] 61.54.214.215 /pc/index/libs/jq/jquery-1.9.1.min.js
INFO: [ app_init ] --START--
INFO: Run Behavior\BuildLiteBehavior [ RunTime:0.000000s ]
INFO: [ app_init ] --END-- [ RunTime:0.000000s ]
INFO: [ app_begin ] --START--
INFO: Run Behavior\ReadHtmlCacheBehavior [ RunTime:0.000000s ]
INFO: [ app_begin ] --END-- [ RunTime:0.000000s ]
ERR: 非法操作:libs

[ 2020-06-17T23:44:32+08:00 ] 61.54.214.215 /pc/index/libs/jq/jquery-1.9.1.min.js
INFO: [ app_init ] --START--
INFO: Run Behavior\BuildLiteBehavior [ RunTime:0.000000s ]
INFO: [ app_init ] --END-- [ RunTime:0.000000s ]
INFO: [ app_begin ] --START--
INFO: Run Behavior\ReadHtmlCacheBehavior [ RunTime:0.000000s ]
INFO: [ app_begin ] --END-- [ RunTime:0.000000s ]
ERR: 非法操作:libs

[ 2020-06-17T23:44:45+08:00 ] 61.54.214.215 /pc/index/dologin
INFO: [ app_init ] --START--
INFO: Run Behavior\BuildLiteBehavior [ RunTime:0.000000s ]
INFO: [ app_init ] --END-- [ RunTime:0.000000s ]
INFO: [ app_begin ] --START--
INFO: Run Behavior\ReadHtmlCacheBehavior [ RunTime:0.000000s ]
INFO: [ app_begin ] --END-- [ RunTime:0.000000s ]
SQL: SHOW COLUMNS FROM `tm_user` [ RunTime:0.0000s ]
SQL: SELECT * FROM `tm_user` WHERE ( username='mj000001' ) LIMIT 1   [ RunTime:0.0000s ]
SQL: SELECT * FROM `tm_user` WHERE ( id=249 ) LIMIT 1   [ RunTime:0.0000s ]
SQL: SELECT count(1) as total FROM `tm_user` WHERE ( locate(",249,",path)>0 and id!=249 )  [ RunTime:0.0000s ]
NOTIC: [2] Missing argument 1 for Think\PasswordHash::__construct(), called in D:\wwwroot\che.ruishengkj.net\App\Pc\Controller\IndexController.class.php on line 476 and defined D:\wwwroot\che.ruishengkj.net\Tp\Library\Think\PasswordHash.class.php 第 34 行.
NOTIC: [2] Missing argument 2 for Think\PasswordHash::__construct(), called in D:\wwwroot\che.ruishengkj.net\App\Pc\Controller\IndexController.class.php on line 476 and defined D:\wwwroot\che.ruishengkj.net\Tp\Library\Think\PasswordHash.class.php 第 34 行.
NOTIC: [8] Undefined variable: iteration_count_log2 D:\wwwroot\che.ruishengkj.net\Tp\Library\Think\PasswordHash.class.php 第 38 行.
NOTIC: [8] Undefined variable: portable_hashes D:\wwwroot\che.ruishengkj.net\Tp\Library\Think\PasswordHash.class.php 第 42 行.

[ 2020-06-17T23:44:46+08:00 ] 61.54.214.215 /pc/index/login?u=mj000001&v=pmak
INFO: [ app_init ] --START--
INFO: Run Behavior\BuildLiteBehavior [ RunTime:0.000000s ]
INFO: [ app_init ] --END-- [ RunTime:0.000000s ]
INFO: [ app_begin ] --START--
INFO: Run Behavior\ReadHtmlCacheBehavior [ RunTime:0.000000s ]
INFO: [ app_begin ] --END-- [ RunTime:0.000000s ]
INFO: [ view_parse ] --START--
INFO: [ template_filter ] --START--
INFO: Run Behavior\ContentReplaceBehavior [ RunTime:0.000000s ]
INFO: [ template_filter ] --END-- [ RunTime:0.000000s ]
NOTIC: [8] Undefined variable: code D:\wwwroot\che.ruishengkj.net\App\Runtime\Cache\Pc\e58151cd04ab4962bc61ad75b789d131.php 第 35 行.
INFO: Run Behavior\ParseTemplateBehavior [ RunTime:0.015631s ]
INFO: [ view_parse ] --END-- [ RunTime:0.015631s ]
INFO: [ view_filter ] --START--
INFO: Run Behavior\WriteHtmlCacheBehavior [ RunTime:0.000000s ]
INFO: [ view_filter ] --END-- [ RunTime:0.000000s ]
INFO: [ app_end ] --START--
INFO: Run Behavior\ShowPageTraceBehavior [ RunTime:0.000000s ]
INFO: [ app_end ] --END-- [ RunTime:0.000000s ]

[ 2020-06-17T23:44:46+08:00 ] 61.54.214.215 /pc/index/libs/jq/jquery-1.9.1.min.js
INFO: [ app_init ] --START--
INFO: Run Behavior\BuildLiteBehavior [ RunTime:0.000000s ]
INFO: [ app_init ] --END-- [ RunTime:0.000000s ]
INFO: [ app_begin ] --START--
INFO: Run Behavior\ReadHtmlCacheBehavior [ RunTime:0.000000s ]
INFO: [ app_begin ] --END-- [ RunTime:0.000000s ]
ERR: 非法操作:libs

[ 2020-06-17T23:45:07+08:00 ] 47.57.79.175 /0.zip
INFO: [ app_init ] --START--
INFO: Run Behavior\BuildLiteBehavior [ RunTime:0.000000s ]
INFO: [ app_init ] --END-- [ RunTime:0.000000s ]
INFO: [ app_begin ] --START--
INFO: Run Behavior\ReadHtmlCacheBehavior [ RunTime:0.000000s ]
INFO: [ app_begin ] --END-- [ RunTime:0.000000s ]

[ 2020-06-17T23:45:33+08:00 ] 47.57.79.175 /0.rar
INFO: [ app_init ] --START--
INFO: Run Behavior\BuildLiteBehavior [ RunTime:0.000000s ]
INFO: [ app_init ] --END-- [ RunTime:0.000000s ]
INFO: [ app_begin ] --START--
INFO: Run Behavior\ReadHtmlCacheBehavior [ RunTime:0.000000s ]
INFO: [ app_begin ] --END-- [ RunTime:0.000000s ]

