[ 2024-04-26T14:54:10+08:00 ] 39.82.245.247 /
INFO: [ app_init ] --START--
INFO: Run Behavior\BuildLiteBehavior [ RunTime:0.000000s ]
INFO: [ app_init ] --END-- [ RunTime:0.000976s ]
INFO: [ app_begin ] --START--
INFO: Run Behavior\ReadHtmlCacheBehavior [ RunTime:0.000977s ]
INFO: [ app_begin ] --END-- [ RunTime:0.000977s ]

[ 2024-04-26T14:54:10+08:00 ] 39.82.245.247 /pc/index/login.html
INFO: [ app_init ] --START--
INFO: Run Behavior\BuildLiteBehavior [ RunTime:0.000000s ]
INFO: [ app_init ] --END-- [ RunTime:0.000977s ]
INFO: [ app_begin ] --START--
INFO: Run Behavior\ReadHtmlCacheBehavior [ RunTime:0.000977s ]
INFO: [ app_begin ] --END-- [ RunTime:0.000977s ]
INFO: [ view_parse ] --START--
INFO: [ template_filter ] --START--
INFO: Run Behavior\ContentReplaceBehavior [ RunTime:0.000000s ]
INFO: [ template_filter ] --END-- [ RunTime:0.000000s ]
NOTIC: [8] Undefined variable: code C:\wwwroot\h5.mingdeshandong.cn\App\Runtime\Cache\Pc\e58151cd04ab4962bc61ad75b789d131.php 第 35 行.
INFO: Run Behavior\ParseTemplateBehavior [ RunTime:0.011719s ]
INFO: [ view_parse ] --END-- [ RunTime:0.011719s ]
INFO: [ view_filter ] --START--
INFO: Run Behavior\WriteHtmlCacheBehavior [ RunTime:0.000977s ]
INFO: [ view_filter ] --END-- [ RunTime:0.000977s ]
INFO: [ app_end ] --START--
INFO: Run Behavior\ShowPageTraceBehavior [ RunTime:0.001953s ]
INFO: [ app_end ] --END-- [ RunTime:0.001953s ]

[ 2024-04-26T14:54:10+08:00 ] 39.82.245.247 /pc/index/libs/jq/jquery-1.9.1.min.js
INFO: [ app_init ] --START--
INFO: Run Behavior\BuildLiteBehavior [ RunTime:0.000000s ]
INFO: [ app_init ] --END-- [ RunTime:0.000000s ]
INFO: [ app_begin ] --START--
INFO: Run Behavior\ReadHtmlCacheBehavior [ RunTime:0.001953s ]
INFO: [ app_begin ] --END-- [ RunTime:0.001953s ]
ERR: 非法操作:libs

[ 2024-04-26T14:54:30+08:00 ] 39.82.245.247 /pc/index/dologin
INFO: [ app_init ] --START--
INFO: Run Behavior\BuildLiteBehavior [ RunTime:0.000000s ]
INFO: [ app_init ] --END-- [ RunTime:0.000000s ]
INFO: [ app_begin ] --START--
INFO: Run Behavior\ReadHtmlCacheBehavior [ RunTime:0.000977s ]
INFO: [ app_begin ] --END-- [ RunTime:0.000977s ]
SQL: SHOW COLUMNS FROM `tm_user` [ RunTime:0.0020s ]
SQL: SELECT * FROM `tm_user` WHERE ( username='MJ000001' ) LIMIT 1   [ RunTime:0.0000s ]
SQL: SELECT * FROM `tm_user` WHERE ( id=249 ) LIMIT 1   [ RunTime:0.0010s ]
NOTIC: [2] Missing argument 1 for Think\PasswordHash::__construct(), called in C:\wwwroot\h5.mingdeshandong.cn\App\Pc\Controller\IndexController.class.php on line 476 and defined C:\wwwroot\h5.mingdeshandong.cn\Tp\Library\Think\PasswordHash.class.php 第 34 行.
NOTIC: [2] Missing argument 2 for Think\PasswordHash::__construct(), called in C:\wwwroot\h5.mingdeshandong.cn\App\Pc\Controller\IndexController.class.php on line 476 and defined C:\wwwroot\h5.mingdeshandong.cn\Tp\Library\Think\PasswordHash.class.php 第 34 行.
NOTIC: [8] Undefined variable: iteration_count_log2 C:\wwwroot\h5.mingdeshandong.cn\Tp\Library\Think\PasswordHash.class.php 第 38 行.
NOTIC: [8] Undefined variable: portable_hashes C:\wwwroot\h5.mingdeshandong.cn\Tp\Library\Think\PasswordHash.class.php 第 42 行.

[ 2024-04-26T14:54:30+08:00 ] 39.82.245.247 /pc/index/index.html
INFO: [ app_init ] --START--
INFO: Run Behavior\BuildLiteBehavior [ RunTime:0.000000s ]
INFO: [ app_init ] --END-- [ RunTime:0.000977s ]
INFO: [ app_begin ] --START--
INFO: Run Behavior\ReadHtmlCacheBehavior [ RunTime:0.000977s ]
INFO: [ app_begin ] --END-- [ RunTime:0.000977s ]
SQL: SHOW COLUMNS FROM `tm_user` [ RunTime:0.0010s ]
SQL: SELECT * FROM `tm_user` WHERE ( id=249 ) LIMIT 1   [ RunTime:0.0000s ]
NOTIC: [2] Missing argument 1 for Think\PasswordHash::__construct(), called in C:\wwwroot\h5.mingdeshandong.cn\App\Pc\Controller\IndexController.class.php on line 476 and defined C:\wwwroot\h5.mingdeshandong.cn\Tp\Library\Think\PasswordHash.class.php 第 34 行.
NOTIC: [2] Missing argument 2 for Think\PasswordHash::__construct(), called in C:\wwwroot\h5.mingdeshandong.cn\App\Pc\Controller\IndexController.class.php on line 476 and defined C:\wwwroot\h5.mingdeshandong.cn\Tp\Library\Think\PasswordHash.class.php 第 34 行.
NOTIC: [8] Undefined variable: iteration_count_log2 C:\wwwroot\h5.mingdeshandong.cn\Tp\Library\Think\PasswordHash.class.php 第 38 行.
NOTIC: [8] Undefined variable: portable_hashes C:\wwwroot\h5.mingdeshandong.cn\Tp\Library\Think\PasswordHash.class.php 第 42 行.
SQL: SHOW COLUMNS FROM `tm_ad` [ RunTime:0.0010s ]
SQL: SELECT * FROM `tm_ad` ORDER BY id asc  [ RunTime:0.0000s ]
SQL: SHOW COLUMNS FROM `tm_setting` [ RunTime:0.0010s ]
SQL: SELECT * FROM `tm_setting` WHERE ( id=1 ) LIMIT 1   [ RunTime:0.0000s ]
SQL: SHOW COLUMNS FROM `tm_type` [ RunTime:0.0020s ]
SQL: SELECT * FROM `tm_type` ORDER BY typeid desc  [ RunTime:0.0000s ]
SQL: SHOW COLUMNS FROM `tm_integral` [ RunTime:0.0020s ]
SQL: SELECT * FROM `tm_integral` WHERE ( userid=249 ) LIMIT 1   [ RunTime:0.0000s ]
SQL: SELECT * FROM `tm_integral` WHERE ( userid=249 ) LIMIT 1   [ RunTime:0.0000s ]
SQL: SHOW COLUMNS FROM `tm_income` [ RunTime:0.0020s ]
SQL: SELECT sum(price) as total FROM `tm_income` WHERE ( userid=249 and status=1 and (gotegary=4 or gotegary=1) )  [ RunTime:0.0000s ]
SQL: SELECT count(1) as total FROM `tm_type` WHERE ( 1714114470-createtime<24*3600 )  [ RunTime:0.0000s ]
SQL: SHOW COLUMNS FROM `tm_samsara` [ RunTime:0.0020s ]
SQL: SELECT * FROM `tm_samsara` WHERE ( userid=249 ) LIMIT 1   [ RunTime:0.0000s ]
INFO: [ view_parse ] --START--
INFO: [ template_filter ] --START--
INFO: Run Behavior\ContentReplaceBehavior [ RunTime:0.000000s ]
INFO: [ template_filter ] --END-- [ RunTime:0.000000s ]
SQL: SELECT * FROM `tm_user` WHERE ( id=249 ) LIMIT 1   [ RunTime:0.0000s ]
SQL: SELECT * FROM `tm_user` WHERE ( id=249 ) LIMIT 1   [ RunTime:0.0000s ]
INFO: Run Behavior\ParseTemplateBehavior [ RunTime:0.009766s ]
INFO: [ view_parse ] --END-- [ RunTime:0.009766s ]
INFO: [ view_filter ] --START--
INFO: Run Behavior\WriteHtmlCacheBehavior [ RunTime:0.000977s ]
INFO: [ view_filter ] --END-- [ RunTime:0.000977s ]
INFO: [ app_end ] --START--
INFO: Run Behavior\ShowPageTraceBehavior [ RunTime:0.000976s ]
INFO: [ app_end ] --END-- [ RunTime:0.000976s ]

[ 2024-04-26T14:54:38+08:00 ] 39.82.245.247 /pc/wo/wtjg.html
INFO: [ app_init ] --START--
INFO: Run Behavior\BuildLiteBehavior [ RunTime:0.000000s ]
INFO: [ app_init ] --END-- [ RunTime:0.000000s ]
INFO: [ app_begin ] --START--
INFO: Run Behavior\ReadHtmlCacheBehavior [ RunTime:0.000976s ]
INFO: [ app_begin ] --END-- [ RunTime:0.000976s ]
SQL: SHOW COLUMNS FROM `tm_user` [ RunTime:0.0020s ]
SQL: SELECT * FROM `tm_user` WHERE ( username='MJ000001' ) LIMIT 1   [ RunTime:0.0000s ]
SQL: SHOW COLUMNS FROM `tm_tree` [ RunTime:0.0010s ]
SQL: SELECT * FROM `tm_tree` WHERE ( userid=249 and `out`=0 ) ORDER BY id desc LIMIT 1   [ RunTime:0.0000s ]
SQL: SELECT * FROM `tm_tree` WHERE ( (number=2 or number=4) and `out`=0 ) ORDER BY id asc  [ RunTime:0.0000s ]
SQL: SELECT * FROM `tm_tree` WHERE ( number=8 ) LIMIT 1   [ RunTime:0.0000s ]
SQL: SELECT * FROM `tm_user` WHERE ( id=249 ) LIMIT 1   [ RunTime:0.0000s ]
SQL: SELECT * FROM `tm_user` WHERE ( id=(select userid from tm_tree where number=18) ) LIMIT 1   [ RunTime:0.0000s ]
SQL: SELECT * FROM `tm_user` WHERE ( id=(select userid from tm_tree where number=19) ) LIMIT 1   [ RunTime:0.0000s ]
SQL: SELECT * FROM `tm_user` WHERE ( username='' ) LIMIT 1   [ RunTime:0.0000s ]
SQL: SELECT * FROM `tm_user` WHERE ( id=(select userid from tm_tree where number=16) ) LIMIT 1   [ RunTime:0.0000s ]
SQL: SELECT * FROM `tm_user` WHERE ( username='mj000001' ) LIMIT 1   [ RunTime:0.0000s ]
SQL: SELECT * FROM `tm_user` WHERE ( id=(select userid from tm_tree where number=34) ) LIMIT 1   [ RunTime:0.0000s ]
SQL: SELECT * FROM `tm_user` WHERE ( id=(select userid from tm_tree where number=35) ) LIMIT 1   [ RunTime:0.0000s ]
SQL: SELECT * FROM `tm_user` WHERE ( id=(select userid from tm_tree where number=17) ) LIMIT 1   [ RunTime:0.0010s ]
SQL: SELECT * FROM `tm_user` WHERE ( username='MJ125234' ) LIMIT 1   [ RunTime:0.0000s ]
SQL: SELECT * FROM `tm_user` WHERE ( id=(select userid from tm_tree where number=32) ) LIMIT 1   [ RunTime:0.0000s ]
SQL: SELECT * FROM `tm_user` WHERE ( id=(select userid from tm_tree where number=33) ) LIMIT 1   [ RunTime:0.0000s ]
SQL: SELECT * FROM `tm_user` WHERE ( id=(select userid from tm_tree where number=32) ) LIMIT 1   [ RunTime:0.0000s ]
SQL: SELECT * FROM `tm_user` WHERE ( username='' ) LIMIT 1   [ RunTime:0.0000s ]
SQL: SELECT * FROM `tm_user` WHERE ( id=(select userid from tm_tree where number=33) ) LIMIT 1   [ RunTime:0.0000s ]
SQL: SELECT * FROM `tm_user` WHERE ( username='' ) LIMIT 1   [ RunTime:0.0000s ]
SQL: SELECT * FROM `tm_user` WHERE ( id=(select userid from tm_tree where number=34) ) LIMIT 1   [ RunTime:0.0000s ]
SQL: SELECT * FROM `tm_user` WHERE ( username='' ) LIMIT 1   [ RunTime:0.0000s ]
SQL: SELECT * FROM `tm_user` WHERE ( id=(select userid from tm_tree where number=35) ) LIMIT 1   [ RunTime:0.0010s ]
SQL: SELECT * FROM `tm_user` WHERE ( username='' ) LIMIT 1   [ RunTime:0.0000s ]
INFO: [ view_parse ] --START--
INFO: [ template_filter ] --START--
INFO: Run Behavior\ContentReplaceBehavior [ RunTime:0.000000s ]
INFO: [ template_filter ] --END-- [ RunTime:0.000000s ]
SQL: SELECT * FROM `tm_user` WHERE ( id=249 ) LIMIT 1   [ RunTime:0.0000s ]
SQL: SELECT * FROM `tm_user` WHERE ( id=249 ) LIMIT 1   [ RunTime:0.0000s ]
NOTIC: [8] Undefined variable: a31 C:\wwwroot\h5.mingdeshandong.cn\App\Runtime\Cache\Pc\b575c13d851040c085ba7e0388e24534.php 第 244 行.
NOTIC: [8] Undefined variable: a32 C:\wwwroot\h5.mingdeshandong.cn\App\Runtime\Cache\Pc\b575c13d851040c085ba7e0388e24534.php 第 247 行.
NOTIC: [8] Undefined variable: a41 C:\wwwroot\h5.mingdeshandong.cn\App\Runtime\Cache\Pc\b575c13d851040c085ba7e0388e24534.php 第 268 行.
NOTIC: [8] Undefined variable: a42 C:\wwwroot\h5.mingdeshandong.cn\App\Runtime\Cache\Pc\b575c13d851040c085ba7e0388e24534.php 第 271 行.
NOTIC: [8] Undefined variable: a51 C:\wwwroot\h5.mingdeshandong.cn\App\Runtime\Cache\Pc\b575c13d851040c085ba7e0388e24534.php 第 294 行.
NOTIC: [8] Undefined variable: a52 C:\wwwroot\h5.mingdeshandong.cn\App\Runtime\Cache\Pc\b575c13d851040c085ba7e0388e24534.php 第 297 行.
NOTIC: [8] Undefined variable: a61 C:\wwwroot\h5.mingdeshandong.cn\App\Runtime\Cache\Pc\b575c13d851040c085ba7e0388e24534.php 第 318 行.
NOTIC: [8] Undefined variable: a62 C:\wwwroot\h5.mingdeshandong.cn\App\Runtime\Cache\Pc\b575c13d851040c085ba7e0388e24534.php 第 321 行.
INFO: Run Behavior\ParseTemplateBehavior [ RunTime:0.011719s ]
INFO: [ view_parse ] --END-- [ RunTime:0.011719s ]
INFO: [ view_filter ] --START--
INFO: Run Behavior\WriteHtmlCacheBehavior [ RunTime:0.000977s ]
INFO: [ view_filter ] --END-- [ RunTime:0.000977s ]
INFO: [ app_end ] --START--
INFO: Run Behavior\ShowPageTraceBehavior [ RunTime:0.001953s ]
INFO: [ app_end ] --END-- [ RunTime:0.001953s ]

