[ 2024-06-25T00:49:25+08:00 ] 35.86.156.65 /Public/Mc/home/js/login.js
INFO: [ app_init ] --START--
INFO: Run Behavior\BuildLiteBehavior [ RunTime:0.000000s ]
INFO: [ app_init ] --END-- [ RunTime:0.000977s ]
ERR: 无法加载模块:Public

[ 2024-06-25T02:25:55+08:00 ] 113.215.189.62 /favicon.ico
INFO: [ app_init ] --START--
INFO: Run Behavior\BuildLiteBehavior [ RunTime:0.000000s ]
INFO: [ app_init ] --END-- [ RunTime:0.000000s ]
ERR: 无法加载模块:Favicon

[ 2024-06-25T05:19:18+08:00 ] 165.154.18.108 /favicon.ico
INFO: [ app_init ] --START--
INFO: Run Behavior\BuildLiteBehavior [ RunTime:0.000000s ]
INFO: [ app_init ] --END-- [ RunTime:0.000977s ]
ERR: 无法加载模块:Favicon

[ 2024-06-25T05:19:19+08:00 ] 165.154.18.108 /robots.txt
INFO: [ app_init ] --START--
INFO: Run Behavior\BuildLiteBehavior [ RunTime:0.000000s ]
INFO: [ app_init ] --END-- [ RunTime:0.000000s ]
ERR: 无法加载模块:Robots

[ 2024-06-25T05:19:19+08:00 ] 165.154.18.108 /sitemap.xml
INFO: [ app_init ] --START--
INFO: Run Behavior\BuildLiteBehavior [ RunTime:0.000000s ]
INFO: [ app_init ] --END-- [ RunTime:0.000000s ]
ERR: 无法加载模块:Sitemap

