[ 2024-06-18T11:01:15+08:00 ] 35.90.140.115 /Public/Mc/home/js/login.js
INFO: [ app_init ] --START--
INFO: Run Behavior\BuildLiteBehavior [ RunTime:0.000000s ]
INFO: [ app_init ] --END-- [ RunTime:0.000977s ]
ERR: 无法加载模块:Public

[ 2024-06-18T15:33:26+08:00 ] 152.32.233.100 /favicon.ico
INFO: [ app_init ] --START--
INFO: Run Behavior\BuildLiteBehavior [ RunTime:0.000000s ]
INFO: [ app_init ] --END-- [ RunTime:0.000000s ]
ERR: 无法加载模块:Favicon

[ 2024-06-18T15:33:28+08:00 ] 152.32.233.100 /robots.txt
INFO: [ app_init ] --START--
INFO: Run Behavior\BuildLiteBehavior [ RunTime:0.000000s ]
INFO: [ app_init ] --END-- [ RunTime:0.000000s ]
ERR: 无法加载模块:Robots

[ 2024-06-18T15:33:29+08:00 ] 152.32.233.100 /sitemap.xml
INFO: [ app_init ] --START--
INFO: Run Behavior\BuildLiteBehavior [ RunTime:0.000000s ]
INFO: [ app_init ] --END-- [ RunTime:0.000976s ]
ERR: 无法加载模块:Sitemap

